ModelWeb Browser Results

msis model listing
Required input parameters
Year= 2000, Month=  1, Day=  1, Hour= 1.50,
Time_type = Universal
Coordinate_type = Geographic
Latitude=   55.00, Longitude=   45.00, Height=   100.00
Prof. parameters: Start=     0.00 Stop=  1000.00 Step=    50.00

Optional input parameters:

Sunspot number(Rz12) =not specified
Ionospheric index(IG12) =not specified
Upper limit for Electron content = not specified
F peak model =  
Ne Topside =  
foF2 Storm model =  
Bottomside Thickness =  
F1 occurrence probability =  
D-Region Ne =  
Topside Te =  
Ion Composition =  

Selected output parameters:
1  Height, km
2  O, cm-3 
3  N2, cm-3
4  O2, cm-3
5  Mass_density, g/cm-3
6  He, cm-3 
7  Ar, cm-3
8  H, cm-3
9  N, cm-3

1         2         3         4         5         6         7         8         9         
    0.0  0.000E+00  2.120E+19  5.687E+18 1.304E-03  1.423E+14  2.536E+17  0.000E+00  0.000E+00
   50.0  0.000E+00  1.361E+16  3.651E+15 8.373E-07  9.132E+10  1.628E+14  0.000E+00  0.000E+00
  100.0  3.995E+11  8.467E+12  2.025E+12 5.173E-10  1.051E+08  8.398E+10  2.112E+07  2.020E+05
  150.0  1.907E+10  3.236E+10  3.269E+09 2.190E-12  3.945E+07  7.988E+07  7.074E+05  5.950E+06
  200.0  4.918E+09  3.538E+09  2.685E+08 3.100E-13  2.631E+07  3.649E+06  2.466E+05  1.268E+07
  250.0  1.696E+09  5.676E+08  3.339E+07 7.348E-14  1.983E+07  2.724E+05  1.976E+05  6.034E+06
  300.0  6.293E+08  1.009E+08  4.643E+06 2.181E-14  1.541E+07  2.319E+04  1.817E+05  2.337E+06
  350.0  2.402E+08  1.873E+07  6.781E+05 7.388E-15  1.210E+07  2.095E+03  1.705E+05  9.406E+05
  400.0  9.331E+07  3.582E+06  1.024E+05 2.723E-15  9.552E+06  1.973E+02  1.606E+05  3.974E+05
  450.0  3.679E+07  7.029E+05  1.593E+04 1.065E-15  7.569E+06  1.927E+01  1.515E+05  1.733E+05
  500.0  1.471E+07  1.413E+05  2.545E+03 4.394E-16  6.018E+06  1.948E+00  1.431E+05  7.686E+04
  550.0  5.959E+06  2.907E+04  4.178E+02 1.926E-16  4.801E+06  2.035E-01  1.352E+05  3.486E+04
  600.0  2.446E+06  6.118E+03  7.039E+01 9.136E-17  3.843E+06  2.196E-02  1.279E+05  1.599E+04
  650.0  1.017E+06  1.317E+03  1.216E+01 4.793E-17  3.086E+06  2.447E-03  1.211E+05  7.420E+03
  700.0  4.279E+05  2.896E+02  2.155E+00 2.815E-17  2.485E+06  2.812E-04  1.147E+05  3.480E+03
  750.0  1.823E+05  6.506E+01  3.911E-01 1.840E-17  2.008E+06  3.331E-05  1.087E+05  1.649E+03
  800.0  7.861E+04  1.492E+01  7.270E-02 1.308E-17  1.627E+06  4.066E-06  1.032E+05  7.899E+02
  850.0  3.429E+04  3.494E+00  1.383E-02 9.863E-18  1.322E+06  5.110E-07  9.796E+04  3.822E+02
  900.0  1.513E+04  8.346E-01  2.693E-03 7.717E-18  1.078E+06  6.607E-08  9.307E+04  1.868E+02
  950.0  6.750E+03  2.033E-01  5.361E-04 6.177E-18  8.808E+05  8.786E-09  8.850E+04  9.219E+01
 1000.0  3.045E+03  5.048E-02  1.091E-04 5.015E-18  7.219E+05  1.201E-09  8.420E+04  4.594E+01
