ModelWeb Browser Results

msis model listing
Required input parameters
Year= 2016, Month=  8, Day= 25, Hour= 1.00,
Time_type = Universal
Coordinate_type = Geographic
Latitude=   52.00, Longitude=  106.46, Height=   100.00
Prof. parameters: Start=     0.00 Stop=  1000.00 Step=     1.00

Optional input parameters:

Sunspot number(Rz12) =not specified
Ionospheric index(IG12) =not specified
Upper limit for Electron content = not specified
F peak model =  
Ne Topside =  
foF2 Storm model =  
Bottomside Thickness =  
F1 occurrence probability =  
D-Region Ne =  
Topside Te =  
Ion Composition =  

Selected output parameters:
1  Height, km
2  O, cm-3 
3  N2, cm-3
4  O2, cm-3
5  Mass_density, g/cm-3
6  He, cm-3 
7  Ar, cm-3
8  H, cm-3
9  N, cm-3

1         2         3         4         5         6         7         8         9         
    0.0  0.000E+00  2.026E+19  5.436E+18 1.247E-03  1.360E+14  2.424E+17  0.000E+00  0.000E+00
    1.0  0.000E+00  1.817E+19  4.876E+18 1.118E-03  1.220E+14  2.174E+17  0.000E+00  0.000E+00
    2.0  0.000E+00  1.638E+19  4.395E+18 1.008E-03  1.099E+14  1.960E+17  0.000E+00  0.000E+00
    3.0  0.000E+00  1.481E+19  3.973E+18 9.111E-04  9.938E+13  1.771E+17  0.000E+00  0.000E+00
    4.0  0.000E+00  1.339E+19  3.592E+18 8.239E-04  8.986E+13  1.602E+17  0.000E+00  0.000E+00
    5.0  0.000E+00  1.209E+19  3.244E+18 7.439E-04  8.114E+13  1.446E+17  0.000E+00  0.000E+00
    6.0  0.000E+00  1.088E+19  2.920E+18 6.696E-04  7.304E+13  1.302E+17  0.000E+00  0.000E+00
    7.0  0.000E+00  9.753E+18  2.617E+18 6.001E-04  6.545E+13  1.167E+17  0.000E+00  0.000E+00
    8.0  0.000E+00  8.693E+18  2.332E+18 5.348E-04  5.834E+13  1.040E+17  0.000E+00  0.000E+00
    9.0  0.000E+00  7.700E+18  2.066E+18 4.737E-04  5.167E+13  9.210E+16  0.000E+00  0.000E+00
   10.0  0.000E+00  6.774E+18  1.817E+18 4.168E-04  4.546E+13  8.103E+16  0.000E+00  0.000E+00
   11.0  0.000E+00  5.920E+18  1.588E+18 3.642E-04  3.973E+13  7.081E+16  0.000E+00  0.000E+00
   12.0  0.000E+00  5.142E+18  1.380E+18 3.164E-04  3.451E+13  6.151E+16  0.000E+00  0.000E+00
   13.0  0.000E+00  4.445E+18  1.193E+18 2.735E-04  2.983E+13  5.317E+16  0.000E+00  0.000E+00
   14.0  0.000E+00  3.828E+18  1.027E+18 2.355E-04  2.569E+13  4.579E+16  0.000E+00  0.000E+00
   15.0  0.000E+00  3.286E+18  8.816E+17 2.022E-04  2.205E+13  3.931E+16  0.000E+00  0.000E+00
   16.0  0.000E+00  2.815E+18  7.551E+17 1.732E-04  1.889E+13  3.367E+16  0.000E+00  0.000E+00
   17.0  0.000E+00  2.407E+18  6.457E+17 1.481E-04  1.615E+13  2.879E+16  0.000E+00  0.000E+00
   18.0  0.000E+00  2.056E+18  5.517E+17 1.265E-04  1.380E+13  2.460E+16  0.000E+00  0.000E+00
   19.0  0.000E+00  1.757E+18  4.713E+17 1.081E-04  1.179E+13  2.101E+16  0.000E+00  0.000E+00
   20.0  0.000E+00  1.501E+18  4.027E+17 9.235E-05  1.007E+13  1.795E+16  0.000E+00  0.000E+00
   21.0  0.000E+00  1.283E+18  3.443E+17 7.896E-05  8.613E+12  1.535E+16  0.000E+00  0.000E+00
   22.0  0.000E+00  1.098E+18  2.946E+17 6.756E-05  7.369E+12  1.313E+16  0.000E+00  0.000E+00
   23.0  0.000E+00  9.400E+17  2.522E+17 5.783E-05  6.308E+12  1.124E+16  0.000E+00  0.000E+00
   24.0  0.000E+00  8.049E+17  2.159E+17 4.952E-05  5.402E+12  9.628E+15  0.000E+00  0.000E+00
   25.0  0.000E+00  6.895E+17  1.850E+17 4.242E-05  4.627E+12  8.247E+15  0.000E+00  0.000E+00
   26.0  0.000E+00  5.907E+17  1.585E+17 3.634E-05  3.964E+12  7.066E+15  0.000E+00  0.000E+00
   27.0  0.000E+00  5.062E+17  1.358E+17 3.114E-05  3.397E+12  6.054E+15  0.000E+00  0.000E+00
   28.0  0.000E+00  4.337E+17  1.164E+17 2.669E-05  2.911E+12  5.188E+15  0.000E+00  0.000E+00
   29.0  0.000E+00  3.717E+17  9.972E+16 2.287E-05  2.494E+12  4.446E+15  0.000E+00  0.000E+00
   30.0  0.000E+00  3.186E+17  8.546E+16 1.960E-05  2.138E+12  3.811E+15  0.000E+00  0.000E+00
   31.0  0.000E+00  2.730E+17  7.325E+16 1.680E-05  1.832E+12  3.266E+15  0.000E+00  0.000E+00
   32.0  0.000E+00  2.340E+17  6.278E+16 1.440E-05  1.570E+12  2.799E+15  0.000E+00  0.000E+00
   33.0  0.000E+00  2.006E+17  5.382E+16 1.234E-05  1.346E+12  2.400E+15  0.000E+00  0.000E+00
   34.0  0.000E+00  1.722E+17  4.620E+16 1.060E-05  1.156E+12  2.060E+15  0.000E+00  0.000E+00
   35.0  0.000E+00  1.481E+17  3.973E+16 9.111E-06  9.937E+11  1.771E+15  0.000E+00  0.000E+00
   36.0  0.000E+00  1.276E+17  3.422E+16 7.848E-06  8.560E+11  1.526E+15  0.000E+00  0.000E+00
   37.0  0.000E+00  1.101E+17  2.953E+16 6.772E-06  7.386E+11  1.317E+15  0.000E+00  0.000E+00
   38.0  0.000E+00  9.515E+16  2.553E+16 5.854E-06  6.385E+11  1.138E+15  0.000E+00  0.000E+00
   39.0  0.000E+00  8.241E+16  2.211E+16 5.070E-06  5.530E+11  9.858E+14  0.000E+00  0.000E+00
   40.0  0.000E+00  7.151E+16  1.919E+16 4.400E-06  4.799E+11  8.554E+14  0.000E+00  0.000E+00
   41.0  0.000E+00  6.218E+16  1.668E+16 3.826E-06  4.173E+11  7.438E+14  0.000E+00  0.000E+00
   42.0  0.000E+00  5.417E+16  1.453E+16 3.333E-06  3.635E+11  6.480E+14  0.000E+00  0.000E+00
   43.0  0.000E+00  4.729E+16  1.269E+16 2.909E-06  3.173E+11  5.656E+14  0.000E+00  0.000E+00
   44.0  0.000E+00  4.135E+16  1.109E+16 2.544E-06  2.775E+11  4.947E+14  0.000E+00  0.000E+00
   45.0  0.000E+00  3.624E+16  9.721E+15 2.229E-06  2.432E+11  4.335E+14  0.000E+00  0.000E+00
   46.0  0.000E+00  3.181E+16  8.534E+15 1.957E-06  2.135E+11  3.805E+14  0.000E+00  0.000E+00
   47.0  0.000E+00  2.797E+16  7.504E+15 1.721E-06  1.877E+11  3.346E+14  0.000E+00  0.000E+00
   48.0  0.000E+00  2.463E+16  6.607E+15 1.515E-06  1.653E+11  2.946E+14  0.000E+00  0.000E+00
   49.0  0.000E+00  2.171E+16  5.824E+15 1.336E-06  1.457E+11  2.597E+14  0.000E+00  0.000E+00
   50.0  0.000E+00  1.915E+16  5.138E+15 1.178E-06  1.285E+11  2.291E+14  0.000E+00  0.000E+00
   51.0  0.000E+00  1.691E+16  4.537E+15 1.040E-06  1.135E+11  2.023E+14  0.000E+00  0.000E+00
   52.0  0.000E+00  1.494E+16  4.007E+15 9.190E-07  1.002E+11  1.787E+14  0.000E+00  0.000E+00
   53.0  0.000E+00  1.320E+16  3.541E+15 8.120E-07  8.857E+10  1.579E+14  0.000E+00  0.000E+00
   54.0  0.000E+00  1.166E+16  3.129E+15 7.175E-07  7.826E+10  1.395E+14  0.000E+00  0.000E+00
   55.0  0.000E+00  1.030E+16  2.764E+15 6.340E-07  6.915E+10  1.233E+14  0.000E+00  0.000E+00
   56.0  0.000E+00  9.101E+15  2.442E+15 5.599E-07  6.107E+10  1.089E+14  0.000E+00  0.000E+00
   57.0  0.000E+00  8.035E+15  2.156E+15 4.943E-07  5.392E+10  9.611E+13  0.000E+00  0.000E+00
   58.0  0.000E+00  7.090E+15  1.902E+15 4.362E-07  4.758E+10  8.480E+13  0.000E+00  0.000E+00
   59.0  0.000E+00  6.251E+15  1.677E+15 3.846E-07  4.195E+10  7.477E+13  0.000E+00  0.000E+00
   60.0  0.000E+00  5.507E+15  1.477E+15 3.388E-07  3.696E+10  6.588E+13  0.000E+00  0.000E+00
   61.0  0.000E+00  4.848E+15  1.300E+15 2.982E-07  3.253E+10  5.798E+13  0.000E+00  0.000E+00
   62.0  0.000E+00  4.262E+15  1.143E+15 2.622E-07  2.860E+10  5.098E+13  0.000E+00  0.000E+00
   63.0  0.000E+00  3.743E+15  1.004E+15 2.303E-07  2.513E+10  4.472E+13  0.000E+00  0.000E+00
   64.0  0.000E+00  3.283E+15  8.805E+14 2.020E-07  2.205E+10  3.914E+13  0.000E+00  0.000E+00
   65.0  0.000E+00  2.876E+15  7.710E+14 1.769E-07  1.933E+10  3.420E+13  0.000E+00  0.000E+00
   66.0  0.000E+00  2.516E+15  6.742E+14 1.547E-07  1.691E+10  2.985E+13  0.000E+00  0.000E+00
   67.0  0.000E+00  2.197E+15  5.886E+14 1.351E-07  1.478E+10  2.601E+13  0.000E+00  0.000E+00
   68.0  0.000E+00  1.915E+15  5.130E+14 1.178E-07  1.289E+10  2.262E+13  0.000E+00  0.000E+00
   69.0  0.000E+00  1.667E+15  4.464E+14 1.025E-07  1.123E+10  1.964E+13  0.000E+00  0.000E+00
   70.0  0.000E+00  1.448E+15  3.877E+14 8.904E-08  9.759E+09  1.702E+13  0.000E+00  0.000E+00
   71.0  0.000E+00  1.256E+15  3.361E+14 7.720E-08  8.467E+09  1.473E+13  0.000E+00  0.000E+00
   72.0  0.000E+00  1.087E+15  2.908E+14 6.680E-08  7.332E+09  1.271E+13  0.000E+00  0.000E+00
   73.0  3.280E+07  9.404E+14  2.515E+14 5.780E-08  6.349E+09  1.098E+13  4.443E+03  5.492E+04
   74.0  7.198E+07  8.122E+14  2.171E+14 4.991E-08  5.489E+09  9.470E+12  1.556E+04  5.977E+04
   75.0  1.556E+08  7.009E+14  1.873E+14 4.307E-08  4.742E+09  8.159E+12  7.424E+04  6.505E+04
   76.0  3.292E+08  6.038E+14  1.612E+14 3.710E-08  4.091E+09  7.017E+12  4.209E+05  7.074E+04
   77.0  6.775E+08  5.190E+14  1.385E+14 3.188E-08  3.522E+09  6.020E+12  2.314E+06  7.682E+04
   78.0  1.350E+09  4.448E+14  1.186E+14 2.732E-08  3.024E+09  5.148E+12  1.017E+07  8.322E+04
   79.0  2.592E+09  3.799E+14  1.012E+14 2.333E-08  2.588E+09  4.387E+12  3.208E+07  8.990E+04
   80.0  4.781E+09  3.233E+14  8.601E+13 1.984E-08  2.208E+09  3.723E+12  7.150E+07  9.680E+04
   81.0  8.445E+09  2.739E+14  7.279E+13 1.681E-08  1.877E+09  3.146E+12  1.182E+08  1.038E+05
   82.0  1.426E+10  2.311E+14  6.132E+13 1.417E-08  1.590E+09  2.646E+12  1.556E+08  1.109E+05
   83.0  2.300E+10  1.941E+14  5.141E+13 1.190E-08  1.342E+09  2.215E+12  1.742E+08  1.180E+05
   84.0  3.542E+10  1.623E+14  4.290E+13 9.946E-09  1.129E+09  1.845E+12  1.749E+08  1.250E+05
   85.0  5.208E+10  1.351E+14  3.563E+13 8.274E-09  9.462E+08  1.529E+12  1.635E+08  1.318E+05
   86.0  7.320E+10  1.120E+14  2.944E+13 6.854E-09  7.909E+08  1.261E+12  1.460E+08  1.384E+05
   87.0  9.849E+10  9.240E+13  2.422E+13 5.653E-09  6.596E+08  1.034E+12  1.268E+08  1.447E+05
   88.0  1.271E+11  7.596E+13  1.984E+13 4.644E-09  5.492E+08  8.448E+11  1.083E+08  1.507E+05
   89.0  1.575E+11  6.222E+13  1.618E+13 3.801E-09  4.568E+08  6.868E+11  9.166E+07  1.564E+05
   90.0  1.881E+11  5.079E+13  1.314E+13 3.100E-09  3.799E+08  5.558E+11  7.729E+07  1.617E+05
   91.0  2.170E+11  4.134E+13  1.063E+13 2.522E-09  3.162E+08  4.479E+11  6.518E+07  1.668E+05
   92.0  2.424E+11  3.358E+13  8.576E+12 2.047E-09  2.638E+08  3.597E+11  5.513E+07  1.718E+05
   93.0  2.630E+11  2.724E+13  6.903E+12 1.659E-09  2.208E+08  2.880E+11  4.686E+07  1.766E+05
   94.0  2.782E+11  2.208E+13  5.546E+12 1.343E-09  1.857E+08  2.300E+11  4.010E+07  1.816E+05
   95.0  2.875E+11  1.790E+13  4.450E+12 1.088E-09  1.571E+08  1.833E+11  3.458E+07  1.868E+05
   96.0  2.911E+11  1.451E+13  3.568E+12 8.814E-10  1.338E+08  1.459E+11  3.005E+07  1.923E+05
   97.0  2.896E+11  1.178E+13  2.860E+12 7.148E-10  1.148E+08  1.159E+11  2.632E+07  1.983E+05
   98.0  2.837E+11  9.575E+12  2.293E+12 5.805E-10  9.932E+07  9.205E+10  2.323E+07  2.050E+05
   99.0  2.743E+11  7.797E+12  1.839E+12 4.722E-10  8.664E+07  7.307E+10  2.065E+07  2.124E+05
  100.0  2.621E+11  6.363E+12  1.476E+12 3.850E-10  7.620E+07  5.801E+10  1.847E+07  2.207E+05
  101.0  2.481E+11  5.206E+12  1.186E+12 3.146E-10  6.757E+07  4.607E+10  1.661E+07  2.299E+05
  102.0  2.329E+11  4.271E+12  9.548E+11 2.579E-10  6.039E+07  3.662E+10  1.502E+07  2.404E+05
  103.0  2.173E+11  3.517E+12  7.702E+11 2.121E-10  5.439E+07  2.917E+10  1.363E+07  2.521E+05
  104.0  2.017E+11  2.906E+12  6.230E+11 1.751E-10  4.933E+07  2.328E+10  1.241E+07  2.653E+05
  105.0  1.864E+11  2.412E+12  5.054E+11 1.451E-10  4.503E+07  1.864E+10  1.133E+07  2.801E+05
  106.0  1.718E+11  2.011E+12  4.115E+11 1.209E-10  4.135E+07  1.498E+10  1.038E+07  2.968E+05
  107.0  1.580E+11  1.684E+12  3.364E+11 1.012E-10  3.819E+07  1.209E+10  9.522E+06  3.156E+05
  108.0  1.452E+11  1.418E+12  2.763E+11 8.512E-11  3.545E+07  9.810E+09  8.756E+06  3.366E+05
  109.0  1.334E+11  1.201E+12  2.280E+11 7.203E-11  3.306E+07  8.001E+09  8.068E+06  3.604E+05
  110.0  1.227E+11  1.024E+12  1.892E+11 6.133E-11  3.098E+07  6.566E+09  7.450E+06  3.872E+05
  111.0  1.129E+11  8.782E+11  1.580E+11 5.257E-11  2.916E+07  5.424E+09  6.895E+06  4.177E+05
  112.0  1.042E+11  7.580E+11  1.328E+11 4.535E-11  2.755E+07  4.510E+09  6.395E+06  4.521E+05
  113.0  9.628E+10  6.581E+11  1.122E+11 3.936E-11  2.613E+07  3.773E+09  5.942E+06  4.909E+05
  114.0  8.913E+10  5.746E+11  9.529E+10 3.435E-11  2.485E+07  3.175E+09  5.531E+06  5.343E+05
  115.0  8.266E+10  5.042E+11  8.138E+10 3.013E-11  2.369E+07  2.686E+09  5.157E+06  5.827E+05
  116.0  7.678E+10  4.446E+11  6.985E+10 2.657E-11  2.264E+07  2.284E+09  4.814E+06  6.366E+05
  117.0  7.143E+10  3.938E+11  6.024E+10 2.353E-11  2.167E+07  1.952E+09  4.500E+06  6.962E+05
  118.0  6.655E+10  3.502E+11  5.220E+10 2.093E-11  2.077E+07  1.675E+09  4.211E+06  7.620E+05
  119.0  6.208E+10  3.125E+11  4.541E+10 1.868E-11  1.993E+07  1.444E+09  3.945E+06  8.343E+05
  120.0  5.797E+10  2.798E+11  3.967E+10 1.673E-11  1.913E+07  1.249E+09  3.698E+06  9.133E+05
  121.0  5.418E+10  2.512E+11  3.478E+10 1.504E-11  1.837E+07  1.084E+09  3.468E+06  9.993E+05
  122.0  5.066E+10  2.261E+11  3.060E+10 1.354E-11  1.764E+07  9.431E+08  3.254E+06  1.092E+06
  123.0  4.744E+10  2.041E+11  2.702E+10 1.224E-11  1.694E+07  8.237E+08  3.056E+06  1.193E+06
  124.0  4.446E+10  1.848E+11  2.395E+10 1.109E-11  1.627E+07  7.215E+08  2.872E+06  1.302E+06
  125.0  4.175E+10  1.678E+11  2.132E+10 1.008E-11  1.564E+07  6.345E+08  2.702E+06  1.421E+06
  126.0  3.927E+10  1.528E+11  1.905E+10 9.196E-12  1.505E+07  5.599E+08  2.544E+06  1.551E+06
  127.0  3.700E+10  1.396E+11  1.709E+10 8.413E-12  1.449E+07  4.957E+08  2.399E+06  1.691E+06
  128.0  3.492E+10  1.279E+11  1.539E+10 7.717E-12  1.396E+07  4.402E+08  2.264E+06  1.842E+06
  129.0  3.300E+10  1.174E+11  1.390E+10 7.097E-12  1.347E+07  3.921E+08  2.139E+06  2.005E+06
  130.0  3.123E+10  1.080E+11  1.260E+10 6.543E-12  1.302E+07  3.502E+08  2.023E+06  2.180E+06
  131.0  2.959E+10  9.961E+10  1.145E+10 6.045E-12  1.260E+07  3.135E+08  1.915E+06  2.368E+06
  132.0  2.808E+10  9.205E+10  1.043E+10 5.597E-12  1.221E+07  2.814E+08  1.814E+06  2.568E+06
  133.0  2.667E+10  8.521E+10  9.531E+09 5.192E-12  1.186E+07  2.531E+08  1.721E+06  2.782E+06
  134.0  2.536E+10  7.902E+10  8.728E+09 4.825E-12  1.153E+07  2.282E+08  1.634E+06  3.009E+06
  135.0  2.414E+10  7.340E+10  8.011E+09 4.492E-12  1.123E+07  2.061E+08  1.552E+06  3.250E+06
  136.0  2.301E+10  6.829E+10  7.369E+09 4.189E-12  1.096E+07  1.865E+08  1.476E+06  3.505E+06
  137.0  2.195E+10  6.363E+10  6.791E+09 3.913E-12  1.071E+07  1.691E+08  1.405E+06  3.773E+06
  138.0  2.095E+10  5.937E+10  6.270E+09 3.659E-12  1.048E+07  1.536E+08  1.339E+06  4.055E+06
  139.0  2.002E+10  5.547E+10  5.799E+09 3.427E-12  1.027E+07  1.398E+08  1.277E+06  4.352E+06
  140.0  1.915E+10  5.188E+10  5.372E+09 3.214E-12  1.007E+07  1.274E+08  1.219E+06  4.661E+06
  141.0  1.833E+10  4.859E+10  4.985E+09 3.018E-12  9.886E+06  1.162E+08  1.165E+06  4.984E+06
  142.0  1.756E+10  4.556E+10  4.631E+09 2.837E-12  9.715E+06  1.062E+08  1.114E+06  5.320E+06
  143.0  1.683E+10  4.276E+10  4.309E+09 2.670E-12  9.555E+06  9.721E+07  1.066E+06  5.669E+06
  144.0  1.615E+10  4.017E+10  4.014E+09 2.516E-12  9.404E+06  8.908E+07  1.022E+06  6.029E+06
  145.0  1.551E+10  3.778E+10  3.744E+09 2.372E-12  9.261E+06  8.174E+07  9.797E+05  6.402E+06
  146.0  1.490E+10  3.556E+10  3.495E+09 2.239E-12  9.126E+06  7.509E+07  9.404E+05  6.785E+06
  147.0  1.432E+10  3.350E+10  3.267E+09 2.116E-12  8.997E+06  6.906E+07  9.035E+05  7.178E+06
  148.0  1.377E+10  3.159E+10  3.057E+09 2.001E-12  8.874E+06  6.359E+07  8.689E+05  7.580E+06
  149.0  1.326E+10  2.981E+10  2.863E+09 1.894E-12  8.757E+06  5.861E+07  8.364E+05  7.991E+06
  150.0  1.276E+10  2.815E+10  2.684E+09 1.794E-12  8.644E+06  5.408E+07  8.058E+05  8.409E+06
  151.0  1.230E+10  2.661E+10  2.518E+09 1.701E-12  8.536E+06  4.995E+07  7.770E+05  8.833E+06
  152.0  1.186E+10  2.516E+10  2.364E+09 1.613E-12  8.432E+06  4.617E+07  7.499E+05  9.263E+06
  153.0  1.144E+10  2.381E+10  2.221E+09 1.532E-12  8.332E+06  4.273E+07  7.244E+05  9.697E+06
  154.0  1.103E+10  2.255E+10  2.089E+09 1.455E-12  8.236E+06  3.957E+07  7.004E+05  1.013E+07
  155.0  1.065E+10  2.136E+10  1.966E+09 1.383E-12  8.142E+06  3.667E+07  6.777E+05  1.057E+07
  156.0  1.029E+10  2.026E+10  1.851E+09 1.316E-12  8.052E+06  3.402E+07  6.564E+05  1.101E+07
  157.0  9.942E+09  1.921E+10  1.744E+09 1.252E-12  7.965E+06  3.158E+07  6.363E+05  1.145E+07
  158.0  9.610E+09  1.824E+10  1.644E+09 1.193E-12  7.880E+06  2.934E+07  6.173E+05  1.189E+07
  159.0  9.294E+09  1.732E+10  1.551E+09 1.136E-12  7.797E+06  2.728E+07  5.993E+05  1.233E+07
  160.0  8.991E+09  1.645E+10  1.464E+09 1.083E-12  7.717E+06  2.538E+07  5.824E+05  1.276E+07
  161.0  8.701E+09  1.564E+10  1.383E+09 1.033E-12  7.639E+06  2.363E+07  5.664E+05  1.318E+07
  162.0  8.424E+09  1.487E+10  1.307E+09 9.862E-13  7.564E+06  2.201E+07  5.513E+05  1.360E+07
  163.0  8.158E+09  1.415E+10  1.235E+09 9.417E-13  7.490E+06  2.052E+07  5.369E+05  1.401E+07
  164.0  7.903E+09  1.347E+10  1.168E+09 8.996E-13  7.418E+06  1.914E+07  5.234E+05  1.442E+07
  165.0  7.659E+09  1.282E+10  1.105E+09 8.598E-13  7.348E+06  1.786E+07  5.106E+05  1.481E+07
  166.0  7.425E+09  1.222E+10  1.046E+09 8.221E-13  7.280E+06  1.668E+07  4.984E+05  1.519E+07
  167.0  7.200E+09  1.164E+10  9.911E+08 7.864E-13  7.213E+06  1.558E+07  4.869E+05  1.557E+07
  168.0  6.983E+09  1.110E+10  9.389E+08 7.525E-13  7.148E+06  1.456E+07  4.760E+05  1.592E+07
  169.0  6.776E+09  1.058E+10  8.899E+08 7.204E-13  7.084E+06  1.362E+07  4.657E+05  1.627E+07
  170.0  6.576E+09  1.009E+10  8.438E+08 6.900E-13  7.022E+06  1.274E+07  4.558E+05  1.660E+07
  171.0  6.383E+09  9.633E+09  8.003E+08 6.610E-13  6.961E+06  1.193E+07  4.465E+05  1.692E+07
  172.0  6.198E+09  9.195E+09  7.593E+08 6.335E-13  6.902E+06  1.117E+07  4.377E+05  1.722E+07
  173.0  6.020E+09  8.780E+09  7.207E+08 6.074E-13  6.843E+06  1.047E+07  4.292E+05  1.751E+07
  174.0  5.848E+09  8.386E+09  6.842E+08 5.826E-13  6.786E+06  9.809E+06  4.212E+05  1.778E+07
  175.0  5.683E+09  8.012E+09  6.498E+08 5.589E-13  6.730E+06  9.197E+06  4.136E+05  1.804E+07
  176.0  5.523E+09  7.657E+09  6.173E+08 5.364E-13  6.675E+06  8.627E+06  4.064E+05  1.828E+07
  177.0  5.369E+09  7.320E+09  5.866E+08 5.150E-13  6.621E+06  8.095E+06  3.995E+05  1.850E+07
  178.0  5.220E+09  6.999E+09  5.576E+08 4.946E-13  6.569E+06  7.599E+06  3.930E+05  1.870E+07
  179.0  5.077E+09  6.694E+09  5.302E+08 4.751E-13  6.517E+06  7.136E+06  3.867E+05  1.889E+07
  180.0  4.938E+09  6.404E+09  5.042E+08 4.565E-13  6.466E+06  6.703E+06  3.808E+05  1.906E+07
  181.0  4.804E+09  6.127E+09  4.797E+08 4.388E-13  6.416E+06  6.298E+06  3.751E+05  1.921E+07
  182.0  4.675E+09  5.864E+09  4.564E+08 4.219E-13  6.367E+06  5.920E+06  3.697E+05  1.934E+07
  183.0  4.550E+09  5.614E+09  4.344E+08 4.057E-13  6.319E+06  5.566E+06  3.645E+05  1.946E+07
  184.0  4.429E+09  5.375E+09  4.135E+08 3.903E-13  6.272E+06  5.235E+06  3.596E+05  1.956E+07
  185.0  4.312E+09  5.148E+09  3.938E+08 3.755E-13  6.225E+06  4.924E+06  3.549E+05  1.964E+07
  186.0  4.198E+09  4.931E+09  3.750E+08 3.614E-13  6.179E+06  4.634E+06  3.504E+05  1.971E+07
  187.0  4.089E+09  4.724E+09  3.572E+08 3.479E-13  6.134E+06  4.362E+06  3.461E+05  1.976E+07
  188.0  3.982E+09  4.527E+09  3.404E+08 3.350E-13  6.090E+06  4.107E+06  3.420E+05  1.980E+07
  189.0  3.880E+09  4.339E+09  3.243E+08 3.227E-13  6.046E+06  3.867E+06  3.381E+05  1.982E+07
  190.0  3.780E+09  4.159E+09  3.091E+08 3.109E-13  6.003E+06  3.643E+06  3.343E+05  1.982E+07
  191.0  3.683E+09  3.987E+09  2.947E+08 2.995E-13  5.961E+06  3.432E+06  3.307E+05  1.981E+07
  192.0  3.590E+09  3.824E+09  2.810E+08 2.887E-13  5.919E+06  3.235E+06  3.273E+05  1.979E+07
  193.0  3.499E+09  3.667E+09  2.680E+08 2.783E-13  5.878E+06  3.049E+06  3.240E+05  1.975E+07
  194.0  3.411E+09  3.517E+09  2.556E+08 2.683E-13  5.838E+06  2.874E+06  3.208E+05  1.970E+07
  195.0  3.325E+09  3.374E+09  2.438E+08 2.588E-13  5.798E+06  2.711E+06  3.178E+05  1.963E+07
  196.0  3.242E+09  3.238E+09  2.326E+08 2.496E-13  5.758E+06  2.557E+06  3.149E+05  1.956E+07
  197.0  3.162E+09  3.107E+09  2.220E+08 2.408E-13  5.719E+06  2.412E+06  3.121E+05  1.947E+07
  198.0  3.083E+09  2.982E+09  2.119E+08 2.324E-13  5.681E+06  2.276E+06  3.094E+05  1.937E+07
  199.0  3.008E+09  2.862E+09  2.022E+08 2.243E-13  5.643E+06  2.147E+06  3.068E+05  1.926E+07
  200.0  2.934E+09  2.748E+09  1.931E+08 2.165E-13  5.606E+06  2.027E+06  3.044E+05  1.914E+07
  201.0  2.862E+09  2.638E+09  1.844E+08 2.091E-13  5.565E+06  1.913E+06  3.020E+05  1.901E+07
  202.0  2.793E+09  2.533E+09  1.761E+08 2.019E-13  5.528E+06  1.807E+06  2.997E+05  1.888E+07
  203.0  2.725E+09  2.433E+09  1.682E+08 1.950E-13  5.493E+06  1.706E+06  2.975E+05  1.873E+07
  204.0  2.659E+09  2.337E+09  1.606E+08 1.884E-13  5.457E+06  1.611E+06  2.954E+05  1.858E+07
  205.0  2.595E+09  2.245E+09  1.535E+08 1.820E-13  5.423E+06  1.522E+06  2.934E+05  1.841E+07
  206.0  2.533E+09  2.156E+09  1.466E+08 1.759E-13  5.388E+06  1.438E+06  2.914E+05  1.825E+07
  207.0  2.473E+09  2.072E+09  1.401E+08 1.700E-13  5.354E+06  1.359E+06  2.896E+05  1.807E+07
  208.0  2.414E+09  1.991E+09  1.339E+08 1.643E-13  5.320E+06  1.284E+06  2.877E+05  1.789E+07
  209.0  2.357E+09  1.913E+09  1.279E+08 1.588E-13  5.287E+06  1.214E+06  2.860E+05  1.770E+07
  210.0  2.301E+09  1.839E+09  1.223E+08 1.536E-13  5.254E+06  1.147E+06  2.843E+05  1.751E+07
  211.0  2.247E+09  1.767E+09  1.169E+08 1.485E-13  5.222E+06  1.085E+06  2.827E+05  1.732E+07
  212.0  2.194E+09  1.699E+09  1.118E+08 1.437E-13  5.190E+06  1.025E+06  2.811E+05  1.712E+07
  213.0  2.143E+09  1.633E+09  1.068E+08 1.390E-13  5.158E+06  9.697E+05  2.796E+05  1.691E+07
  214.0  2.093E+09  1.570E+09  1.022E+08 1.345E-13  5.126E+06  9.170E+05  2.781E+05  1.671E+07
  215.0  2.045E+09  1.510E+09  9.770E+07 1.301E-13  5.095E+06  8.674E+05  2.767E+05  1.650E+07
  216.0  1.997E+09  1.452E+09  9.343E+07 1.259E-13  5.064E+06  8.205E+05  2.754E+05  1.628E+07
  217.0  1.951E+09  1.396E+09  8.936E+07 1.219E-13  5.034E+06  7.762E+05  2.740E+05  1.607E+07
  218.0  1.906E+09  1.343E+09  8.548E+07 1.180E-13  5.003E+06  7.344E+05  2.728E+05  1.585E+07
  219.0  1.862E+09  1.291E+09  8.177E+07 1.143E-13  4.973E+06  6.949E+05  2.715E+05  1.563E+07
  220.0  1.820E+09  1.242E+09  7.823E+07 1.107E-13  4.944E+06  6.576E+05  2.703E+05  1.542E+07
  221.0  1.778E+09  1.195E+09  7.485E+07 1.072E-13  4.914E+06  6.224E+05  2.692E+05  1.520E+07
  222.0  1.738E+09  1.149E+09  7.162E+07 1.038E-13  4.885E+06  5.891E+05  2.680E+05  1.497E+07
  223.0  1.698E+09  1.106E+09  6.853E+07 1.006E-13  4.857E+06  5.576E+05  2.670E+05  1.475E+07
  224.0  1.660E+09  1.064E+09  6.558E+07 9.742E-14  4.828E+06  5.279E+05  2.659E+05  1.453E+07
  225.0  1.622E+09  1.024E+09  6.277E+07 9.440E-14  4.800E+06  4.998E+05  2.649E+05  1.431E+07
  226.0  1.585E+09  9.852E+08  6.007E+07 9.148E-14  4.772E+06  4.732E+05  2.639E+05  1.409E+07
  227.0  1.550E+09  9.481E+08  5.750E+07 8.867E-14  4.744E+06  4.481E+05  2.629E+05  1.387E+07
  228.0  1.515E+09  9.125E+08  5.504E+07 8.595E-14  4.716E+06  4.244E+05  2.620E+05  1.365E+07
  229.0  1.481E+09  8.782E+08  5.269E+07 8.332E-14  4.689E+06  4.019E+05  2.610E+05  1.343E+07
  230.0  1.448E+09  8.453E+08  5.045E+07 8.079E-14  4.662E+06  3.806E+05  2.602E+05  1.321E+07
  231.0  1.416E+09  8.137E+08  4.830E+07 7.834E-14  4.635E+06  3.606E+05  2.593E+05  1.300E+07
  232.0  1.384E+09  7.832E+08  4.625E+07 7.597E-14  4.609E+06  3.415E+05  2.585E+05  1.278E+07
  233.0  1.353E+09  7.540E+08  4.428E+07 7.369E-14  4.583E+06  3.236E+05  2.576E+05  1.257E+07
  234.0  1.323E+09  7.259E+08  4.241E+07 7.148E-14  4.556E+06  3.065E+05  2.568E+05  1.236E+07
  235.0  1.294E+09  6.989E+08  4.061E+07 6.934E-14  4.531E+06  2.904E+05  2.561E+05  1.215E+07
  236.0  1.265E+09  6.729E+08  3.889E+07 6.728E-14  4.505E+06  2.752E+05  2.553E+05  1.194E+07
  237.0  1.237E+09  6.479E+08  3.725E+07 6.528E-14  4.479E+06  2.608E+05  2.546E+05  1.173E+07
  238.0  1.210E+09  6.239E+08  3.568E+07 6.335E-14  4.454E+06  2.471E+05  2.538E+05  1.153E+07
  239.0  1.184E+09  6.008E+08  3.417E+07 6.149E-14  4.429E+06  2.342E+05  2.531E+05  1.133E+07
  240.0  1.158E+09  5.786E+08  3.274E+07 5.968E-14  4.404E+06  2.220E+05  2.524E+05  1.113E+07
  241.0  1.132E+09  5.572E+08  3.136E+07 5.794E-14  4.380E+06  2.104E+05  2.518E+05  1.093E+07
  242.0  1.108E+09  5.366E+08  3.004E+07 5.625E-14  4.355E+06  1.994E+05  2.511E+05  1.073E+07
  243.0  1.083E+09  5.168E+08  2.878E+07 5.461E-14  4.331E+06  1.891E+05  2.505E+05  1.054E+07
  244.0  1.060E+09  4.978E+08  2.758E+07 5.303E-14  4.307E+06  1.792E+05  2.498E+05  1.035E+07
  245.0  1.037E+09  4.795E+08  2.642E+07 5.150E-14  4.283E+06  1.699E+05  2.492E+05  1.016E+07
  246.0  1.014E+09  4.619E+08  2.532E+07 5.002E-14  4.259E+06  1.611E+05  2.486E+05  9.977E+06
  247.0  9.922E+08  4.449E+08  2.426E+07 4.859E-14  4.236E+06  1.527E+05  2.480E+05  9.795E+06
  248.0  9.707E+08  4.286E+08  2.325E+07 4.720E-14  4.212E+06  1.448E+05  2.474E+05  9.615E+06
  249.0  9.497E+08  4.129E+08  2.228E+07 4.586E-14  4.189E+06  1.373E+05  2.469E+05  9.437E+06
  250.0  9.292E+08  3.978E+08  2.135E+07 4.456E-14  4.166E+06  1.302E+05  2.463E+05  9.263E+06
  251.0  9.092E+08  3.833E+08  2.046E+07 4.330E-14  4.143E+06  1.235E+05  2.458E+05  9.090E+06
  252.0  8.896E+08  3.693E+08  1.961E+07 4.208E-14  4.121E+06  1.171E+05  2.452E+05  8.921E+06
  253.0  8.705E+08  3.558E+08  1.880E+07 4.089E-14  4.098E+06  1.111E+05  2.447E+05  8.754E+06
  254.0  8.518E+08  3.428E+08  1.802E+07 3.975E-14  4.076E+06  1.054E+05  2.442E+05  8.590E+06
  255.0  8.336E+08  3.303E+08  1.727E+07 3.864E-14  4.054E+06  9.995E+04  2.437E+05  8.428E+06
  256.0  8.157E+08  3.183E+08  1.655E+07 3.757E-14  4.032E+06  9.481E+04  2.432E+05  8.269E+06
  257.0  7.983E+08  3.067E+08  1.587E+07 3.652E-14  4.010E+06  8.993E+04  2.427E+05  8.113E+06
  258.0  7.812E+08  2.956E+08  1.521E+07 3.551E-14  3.988E+06  8.531E+04  2.422E+05  7.959E+06
  259.0  7.645E+08  2.849E+08  1.458E+07 3.453E-14  3.966E+06  8.093E+04  2.417E+05  7.808E+06
  260.0  7.483E+08  2.745E+08  1.398E+07 3.359E-14  3.945E+06  7.678E+04  2.412E+05  7.660E+06
  261.0  7.323E+08  2.646E+08  1.340E+07 3.267E-14  3.924E+06  7.285E+04  2.408E+05  7.514E+06
  262.0  7.168E+08  2.550E+08  1.285E+07 3.177E-14  3.903E+06  6.912E+04  2.403E+05  7.370E+06
  263.0  7.015E+08  2.458E+08  1.232E+07 3.091E-14  3.882E+06  6.558E+04  2.399E+05  7.229E+06
  264.0  6.867E+08  2.369E+08  1.181E+07 3.007E-14  3.861E+06  6.223E+04  2.394E+05  7.091E+06
  265.0  6.721E+08  2.283E+08  1.133E+07 2.926E-14  3.840E+06  5.905E+04  2.390E+05  6.955E+06
  266.0  6.579E+08  2.201E+08  1.086E+07 2.847E-14  3.820E+06  5.603E+04  2.385E+05  6.821E+06
  267.0  6.440E+08  2.121E+08  1.042E+07 2.770E-14  3.799E+06  5.317E+04  2.381E+05  6.690E+06
  268.0  6.304E+08  2.045E+08  9.988E+06 2.696E-14  3.779E+06  5.046E+04  2.377E+05  6.562E+06
  269.0  6.171E+08  1.971E+08  9.578E+06 2.624E-14  3.759E+06  4.789E+04  2.373E+05  6.435E+06
  270.0  6.041E+08  1.900E+08  9.185E+06 2.554E-14  3.739E+06  4.545E+04  2.369E+05  6.311E+06
  271.0  5.914E+08  1.832E+08  8.809E+06 2.486E-14  3.719E+06  4.313E+04  2.364E+05  6.189E+06
  272.0  5.789E+08  1.766E+08  8.448E+06 2.420E-14  3.699E+06  4.094E+04  2.360E+05  6.070E+06
  273.0  5.668E+08  1.703E+08  8.102E+06 2.356E-14  3.679E+06  3.886E+04  2.356E+05  5.953E+06
  274.0  5.549E+08  1.642E+08  7.771E+06 2.294E-14  3.660E+06  3.688E+04  2.353E+05  5.838E+06
  275.0  5.432E+08  1.583E+08  7.453E+06 2.234E-14  3.640E+06  3.501E+04  2.349E+05  5.725E+06
  276.0  5.318E+08  1.526E+08  7.149E+06 2.175E-14  3.621E+06  3.323E+04  2.345E+05  5.614E+06
  277.0  5.207E+08  1.471E+08  6.857E+06 2.119E-14  3.602E+06  3.155E+04  2.341E+05  5.506E+06
  278.0  5.098E+08  1.418E+08  6.577E+06 2.064E-14  3.583E+06  2.995E+04  2.337E+05  5.399E+06
  279.0  4.992E+08  1.368E+08  6.309E+06 2.010E-14  3.564E+06  2.843E+04  2.333E+05  5.295E+06
  280.0  4.887E+08  1.319E+08  6.052E+06 1.958E-14  3.545E+06  2.699E+04  2.330E+05  5.193E+06
  281.0  4.786E+08  1.272E+08  5.805E+06 1.907E-14  3.527E+06  2.563E+04  2.326E+05  5.092E+06
  282.0  4.686E+08  1.226E+08  5.569E+06 1.858E-14  3.508E+06  2.433E+04  2.322E+05  4.994E+06
  283.0  4.588E+08  1.182E+08  5.342E+06 1.810E-14  3.490E+06  2.310E+04  2.319E+05  4.897E+06
  284.0  4.493E+08  1.140E+08  5.125E+06 1.764E-14  3.471E+06  2.193E+04  2.315E+05  4.802E+06
  285.0  4.399E+08  1.100E+08  4.917E+06 1.719E-14  3.453E+06  2.082E+04  2.312E+05  4.710E+06
  286.0  4.308E+08  1.060E+08  4.717E+06 1.675E-14  3.435E+06  1.977E+04  2.308E+05  4.619E+06
  287.0  4.218E+08  1.023E+08  4.526E+06 1.633E-14  3.417E+06  1.878E+04  2.304E+05  4.529E+06
  288.0  4.131E+08  9.861E+07  4.342E+06 1.591E-14  3.399E+06  1.783E+04  2.301E+05  4.442E+06
  289.0  4.045E+08  9.510E+07  4.166E+06 1.551E-14  3.381E+06  1.693E+04  2.298E+05  4.356E+06
  290.0  3.962E+08  9.172E+07  3.997E+06 1.512E-14  3.364E+06  1.608E+04  2.294E+05  4.272E+06
  291.0  3.880E+08  8.846E+07  3.835E+06 1.474E-14  3.346E+06  1.527E+04  2.291E+05  4.190E+06
  292.0  3.799E+08  8.532E+07  3.680E+06 1.437E-14  3.329E+06  1.450E+04  2.287E+05  4.109E+06
  293.0  3.721E+08  8.228E+07  3.531E+06 1.401E-14  3.311E+06  1.377E+04  2.284E+05  4.030E+06
  294.0  3.644E+08  7.936E+07  3.388E+06 1.366E-14  3.294E+06  1.308E+04  2.281E+05  3.952E+06
  295.0  3.569E+08  7.655E+07  3.251E+06 1.332E-14  3.277E+06  1.242E+04  2.277E+05  3.876E+06
  296.0  3.495E+08  7.383E+07  3.120E+06 1.299E-14  3.260E+06  1.180E+04  2.274E+05  3.802E+06
  297.0  3.423E+08  7.122E+07  2.994E+06 1.267E-14  3.243E+06  1.120E+04  2.271E+05  3.728E+06
  298.0  3.353E+08  6.869E+07  2.873E+06 1.236E-14  3.226E+06  1.064E+04  2.267E+05  3.657E+06
  299.0  3.284E+08  6.626E+07  2.757E+06 1.205E-14  3.210E+06  1.011E+04  2.264E+05  3.587E+06
  300.0  3.224E+08  6.391E+07  2.646E+06 1.178E-14  3.193E+06  9.601E+03  2.261E+05  3.526E+06
  301.0  3.157E+08  6.165E+07  2.539E+06 1.149E-14  3.176E+06  9.120E+03  2.258E+05  3.458E+06
  302.0  3.092E+08  5.947E+07  2.437E+06 1.121E-14  3.160E+06  8.663E+03  2.255E+05  3.392E+06
  303.0  3.029E+08  5.737E+07  2.338E+06 1.093E-14  3.144E+06  8.229E+03  2.252E+05  3.327E+06
  304.0  2.966E+08  5.534E+07  2.244E+06 1.067E-14  3.127E+06  7.817E+03  2.248E+05  3.263E+06
  305.0  2.905E+08  5.339E+07  2.154E+06 1.041E-14  3.111E+06  7.426E+03  2.245E+05  3.201E+06
  306.0  2.846E+08  5.150E+07  2.067E+06 1.016E-14  3.095E+06  7.054E+03  2.242E+05  3.139E+06
  307.0  2.787E+08  4.968E+07  1.984E+06 9.911E-15  3.079E+06  6.702E+03  2.239E+05  3.079E+06
  308.0  2.730E+08  4.793E+07  1.904E+06 9.672E-15  3.063E+06  6.367E+03  2.236E+05  3.020E+06
  309.0  2.674E+08  4.624E+07  1.828E+06 9.439E-15  3.048E+06  6.049E+03  2.233E+05  2.963E+06
  310.0  2.619E+08  4.461E+07  1.754E+06 9.212E-15  3.032E+06  5.747E+03  2.230E+05  2.906E+06
  311.0  2.566E+08  4.304E+07  1.684E+06 8.992E-15  3.016E+06  5.460E+03  2.227E+05  2.851E+06
  312.0  2.513E+08  4.153E+07  1.616E+06 8.777E-15  3.001E+06  5.188E+03  2.224E+05  2.797E+06
  313.0  2.462E+08  4.006E+07  1.552E+06 8.568E-15  2.985E+06  4.929E+03  2.221E+05  2.744E+06
  314.0  2.412E+08  3.865E+07  1.489E+06 8.364E-15  2.970E+06  4.683E+03  2.217E+05  2.691E+06
  315.0  2.362E+08  3.729E+07  1.430E+06 8.165E-15  2.955E+06  4.450E+03  2.214E+05  2.640E+06
  316.0  2.314E+08  3.598E+07  1.372E+06 7.972E-15  2.940E+06  4.228E+03  2.211E+05  2.590E+06
  317.0  2.267E+08  3.472E+07  1.317E+06 7.784E-15  2.925E+06  4.017E+03  2.208E+05  2.541E+06
  318.0  2.221E+08  3.350E+07  1.265E+06 7.600E-15  2.910E+06  3.818E+03  2.205E+05  2.493E+06
  319.0  2.175E+08  3.232E+07  1.214E+06 7.421E-15  2.895E+06  3.628E+03  2.203E+05  2.446E+06
  320.0  2.131E+08  3.119E+07  1.165E+06 7.247E-15  2.880E+06  3.447E+03  2.200E+05  2.400E+06
  321.0  2.088E+08  3.009E+07  1.119E+06 7.078E-15  2.865E+06  3.276E+03  2.195E+05  2.355E+06
  322.0  2.045E+08  2.904E+07  1.074E+06 6.912E-15  2.851E+06  3.113E+03  2.192E+05  2.310E+06
  323.0  2.004E+08  2.802E+07  1.031E+06 6.751E-15  2.836E+06  2.958E+03  2.189E+05  2.267E+06
  324.0  1.963E+08  2.704E+07  9.900E+05 6.594E-15  2.821E+06  2.811E+03  2.186E+05  2.224E+06
  325.0  1.923E+08  2.609E+07  9.505E+05 6.441E-15  2.807E+06  2.672E+03  2.183E+05  2.182E+06
  326.0  1.884E+08  2.518E+07  9.126E+05 6.292E-15  2.793E+06  2.539E+03  2.181E+05  2.141E+06
  327.0  1.846E+08  2.430E+07  8.762E+05 6.146E-15  2.779E+06  2.413E+03  2.178E+05  2.101E+06
  328.0  1.808E+08  2.345E+07  8.412E+05 6.004E-15  2.764E+06  2.294E+03  2.175E+05  2.062E+06
  329.0  1.772E+08  2.263E+07  8.077E+05 5.866E-15  2.750E+06  2.180E+03  2.172E+05  2.023E+06
  330.0  1.736E+08  2.183E+07  7.755E+05 5.731E-15  2.736E+06  2.072E+03  2.169E+05  1.985E+06
  331.0  1.701E+08  2.107E+07  7.446E+05 5.600E-15  2.722E+06  1.969E+03  2.166E+05  1.948E+06
  332.0  1.666E+08  2.034E+07  7.149E+05 5.472E-15  2.709E+06  1.872E+03  2.164E+05  1.912E+06
  333.0  1.633E+08  1.963E+07  6.865E+05 5.347E-15  2.695E+06  1.779E+03  2.161E+05  1.876E+06
  334.0  1.600E+08  1.894E+07  6.592E+05 5.225E-15  2.681E+06  1.691E+03  2.158E+05  1.841E+06
  335.0  1.567E+08  1.828E+07  6.329E+05 5.106E-15  2.667E+06  1.607E+03  2.155E+05  1.807E+06
  336.0  1.536E+08  1.764E+07  6.078E+05 4.990E-15  2.654E+06  1.528E+03  2.153E+05  1.773E+06
  337.0  1.505E+08  1.703E+07  5.836E+05 4.877E-15  2.640E+06  1.452E+03  2.150E+05  1.740E+06
  338.0  1.474E+08  1.643E+07  5.604E+05 4.767E-15  2.627E+06  1.381E+03  2.147E+05  1.708E+06
  339.0  1.444E+08  1.586E+07  5.381E+05 4.659E-15  2.614E+06  1.312E+03  2.144E+05  1.677E+06
  340.0  1.415E+08  1.531E+07  5.168E+05 4.554E-15  2.600E+06  1.247E+03  2.141E+05  1.645E+06
  341.0  1.387E+08  1.477E+07  4.963E+05 4.452E-15  2.587E+06  1.186E+03  2.139E+05  1.615E+06
  342.0  1.359E+08  1.426E+07  4.766E+05 4.352E-15  2.574E+06  1.127E+03  2.136E+05  1.585E+06
  343.0  1.332E+08  1.376E+07  4.577E+05 4.254E-15  2.561E+06  1.072E+03  2.133E+05  1.556E+06
  344.0  1.305E+08  1.328E+07  4.395E+05 4.159E-15  2.548E+06  1.019E+03  2.130E+05  1.527E+06
  345.0  1.278E+08  1.282E+07  4.221E+05 4.066E-15  2.535E+06  9.687E+02  2.128E+05  1.499E+06
  346.0  1.253E+08  1.238E+07  4.054E+05 3.975E-15  2.522E+06  9.209E+02  2.125E+05  1.471E+06
  347.0  1.228E+08  1.195E+07  3.893E+05 3.887E-15  2.510E+06  8.756E+02  2.122E+05  1.444E+06
  348.0  1.203E+08  1.153E+07  3.739E+05 3.801E-15  2.497E+06  8.324E+02  2.120E+05  1.418E+06
  349.0  1.179E+08  1.113E+07  3.591E+05 3.716E-15  2.484E+06  7.914E+02  2.117E+05  1.392E+06
  350.0  1.155E+08  1.074E+07  3.449E+05 3.634E-15  2.472E+06  7.525E+02  2.114E+05  1.366E+06
  351.0  1.132E+08  1.037E+07  3.312E+05 3.554E-15  2.459E+06  7.155E+02  2.112E+05  1.341E+06
  352.0  1.109E+08  1.001E+07  3.181E+05 3.476E-15  2.447E+06  6.803E+02  2.109E+05  1.317E+06
  353.0  1.087E+08  9.664E+06  3.055E+05 3.399E-15  2.435E+06  6.468E+02  2.106E+05  1.293E+06
  354.0  1.065E+08  9.329E+06  2.935E+05 3.324E-15  2.422E+06  6.150E+02  2.103E+05  1.269E+06
  355.0  1.044E+08  9.006E+06  2.819E+05 3.251E-15  2.410E+06  5.848E+02  2.101E+05  1.246E+06
  356.0  1.023E+08  8.694E+06  2.707E+05 3.180E-15  2.398E+06  5.561E+02  2.098E+05  1.223E+06
  357.0  1.002E+08  8.392E+06  2.600E+05 3.111E-15  2.386E+06  5.288E+02  2.095E+05  1.201E+06
  358.0  9.824E+07  8.102E+06  2.498E+05 3.043E-15  2.374E+06  5.028E+02  2.093E+05  1.179E+06
  359.0  9.627E+07  7.821E+06  2.399E+05 2.976E-15  2.362E+06  4.781E+02  2.090E+05  1.157E+06
  360.0  9.435E+07  7.551E+06  2.305E+05 2.912E-15  2.350E+06  4.547E+02  2.087E+05  1.136E+06
  361.0  9.246E+07  7.289E+06  2.214E+05 2.848E-15  2.338E+06  4.324E+02  2.085E+05  1.116E+06
  362.0  9.062E+07  7.037E+06  2.126E+05 2.786E-15  2.327E+06  4.112E+02  2.082E+05  1.096E+06
  363.0  8.881E+07  6.794E+06  2.043E+05 2.726E-15  2.315E+06  3.910E+02  2.080E+05  1.076E+06
  364.0  8.703E+07  6.559E+06  1.962E+05 2.667E-15  2.303E+06  3.719E+02  2.077E+05  1.056E+06
  365.0  8.530E+07  6.333E+06  1.885E+05 2.610E-15  2.292E+06  3.537E+02  2.074E+05  1.037E+06
  366.0  8.360E+07  6.114E+06  1.811E+05 2.553E-15  2.280E+06  3.363E+02  2.072E+05  1.018E+06
  367.0  8.193E+07  5.903E+06  1.739E+05 2.498E-15  2.269E+06  3.199E+02  2.069E+05  1.000E+06
  368.0  8.030E+07  5.699E+06  1.671E+05 2.445E-15  2.257E+06  3.042E+02  2.066E+05  9.819E+05
  369.0  7.870E+07  5.502E+06  1.605E+05 2.392E-15  2.246E+06  2.893E+02  2.064E+05  9.642E+05
  370.0  7.713E+07  5.313E+06  1.542E+05 2.341E-15  2.235E+06  2.752E+02  2.061E+05  9.468E+05
  371.0  7.559E+07  5.129E+06  1.481E+05 2.291E-15  2.224E+06  2.617E+02  2.059E+05  9.298E+05
  372.0  7.409E+07  4.953E+06  1.423E+05 2.242E-15  2.213E+06  2.489E+02  2.056E+05  9.130E+05
  373.0  7.261E+07  4.782E+06  1.367E+05 2.194E-15  2.202E+06  2.368E+02  2.053E+05  8.966E+05
  374.0  7.117E+07  4.617E+06  1.314E+05 2.147E-15  2.190E+06  2.252E+02  2.051E+05  8.805E+05
  375.0  6.976E+07  4.458E+06  1.262E+05 2.102E-15  2.180E+06  2.142E+02  2.048E+05  8.647E+05
  376.0  6.837E+07  4.305E+06  1.213E+05 2.057E-15  2.169E+06  2.038E+02  2.046E+05  8.492E+05
  377.0  6.701E+07  4.156E+06  1.165E+05 2.013E-15  2.158E+06  1.938E+02  2.043E+05  8.340E+05
  378.0  6.568E+07  4.013E+06  1.119E+05 1.971E-15  2.147E+06  1.844E+02  2.041E+05  8.190E+05
  379.0  6.438E+07  3.875E+06  1.075E+05 1.929E-15  2.136E+06  1.754E+02  2.038E+05  8.044E+05
  380.0  6.310E+07  3.742E+06  1.033E+05 1.888E-15  2.126E+06  1.668E+02  2.035E+05  7.900E+05
  381.0  6.185E+07  3.613E+06  9.927E+04 1.848E-15  2.115E+06  1.587E+02  2.033E+05  7.759E+05
  382.0  6.062E+07  3.489E+06  9.538E+04 1.809E-15  2.104E+06  1.510E+02  2.030E+05  7.620E+05
  383.0  5.942E+07  3.369E+06  9.165E+04 1.771E-15  2.094E+06  1.436E+02  2.028E+05  7.484E+05
  384.0  5.824E+07  3.254E+06  8.806E+04 1.734E-15  2.084E+06  1.366E+02  2.025E+05  7.351E+05
  385.0  5.709E+07  3.142E+06  8.461E+04 1.698E-15  2.073E+06  1.300E+02  2.023E+05  7.220E+05
  386.0  5.596E+07  3.034E+06  8.130E+04 1.662E-15  2.063E+06  1.236E+02  2.020E+05  7.092E+05
  387.0  5.485E+07  2.930E+06  7.812E+04 1.627E-15  2.053E+06  1.176E+02  2.018E+05  6.965E+05
  388.0  5.376E+07  2.830E+06  7.507E+04 1.593E-15  2.042E+06  1.119E+02  2.015E+05  6.842E+05
  389.0  5.270E+07  2.732E+06  7.213E+04 1.560E-15  2.032E+06  1.065E+02  2.013E+05  6.720E+05
  390.0  5.166E+07  2.639E+06  6.931E+04 1.527E-15  2.022E+06  1.013E+02  2.010E+05  6.601E+05
  391.0  5.064E+07  2.548E+06  6.660E+04 1.496E-15  2.012E+06  9.636E+01  2.008E+05  6.484E+05
  392.0  4.964E+07  2.461E+06  6.400E+04 1.465E-15  2.002E+06  9.168E+01  2.005E+05  6.369E+05
  393.0  4.866E+07  2.377E+06  6.150E+04 1.434E-15  1.992E+06  8.723E+01  2.003E+05  6.256E+05
  394.0  4.770E+07  2.295E+06  5.910E+04 1.404E-15  1.982E+06  8.299E+01  2.000E+05  6.145E+05
  395.0  4.675E+07  2.217E+06  5.680E+04 1.375E-15  1.972E+06  7.896E+01  1.998E+05  6.037E+05
  396.0  4.583E+07  2.141E+06  5.458E+04 1.347E-15  1.963E+06  7.513E+01  1.995E+05  5.930E+05
  397.0  4.493E+07  2.068E+06  5.245E+04 1.319E-15  1.953E+06  7.149E+01  1.993E+05  5.825E+05
  398.0  4.404E+07  1.997E+06  5.041E+04 1.292E-15  1.943E+06  6.802E+01  1.990E+05  5.722E+05
  399.0  4.317E+07  1.929E+06  4.844E+04 1.265E-15  1.933E+06  6.472E+01  1.988E+05  5.621E+05
  400.0  4.232E+07  1.863E+06  4.656E+04 1.239E-15  1.924E+06  6.159E+01  1.985E+05  5.522E+05
  401.0  4.143E+07  1.799E+06  4.474E+04 1.212E-15  1.914E+06  5.860E+01  1.983E+05  5.425E+05
  402.0  4.061E+07  1.738E+06  4.300E+04 1.187E-15  1.905E+06  5.577E+01  1.980E+05  5.329E+05
  403.0  3.981E+07  1.678E+06  4.133E+04 1.163E-15  1.895E+06  5.307E+01  1.978E+05  5.236E+05
  404.0  3.903E+07  1.621E+06  3.972E+04 1.139E-15  1.886E+06  5.050E+01  1.975E+05  5.144E+05
  405.0  3.826E+07  1.566E+06  3.817E+04 1.116E-15  1.877E+06  4.805E+01  1.973E+05  5.053E+05
  406.0  3.751E+07  1.512E+06  3.669E+04 1.093E-15  1.867E+06  4.573E+01  1.970E+05  4.964E+05
  407.0  3.677E+07  1.461E+06  3.526E+04 1.071E-15  1.858E+06  4.352E+01  1.968E+05  4.877E+05
  408.0  3.605E+07  1.411E+06  3.389E+04 1.049E-15  1.849E+06  4.141E+01  1.966E+05  4.792E+05
  409.0  3.535E+07  1.363E+06  3.257E+04 1.027E-15  1.840E+06  3.941E+01  1.963E+05  4.708E+05
  410.0  3.465E+07  1.316E+06  3.131E+04 1.006E-15  1.831E+06  3.751E+01  1.961E+05  4.625E+05
  411.0  3.397E+07  1.272E+06  3.009E+04 9.860E-16  1.822E+06  3.570E+01  1.958E+05  4.544E+05
  412.0  3.331E+07  1.228E+06  2.893E+04 9.660E-16  1.813E+06  3.397E+01  1.956E+05  4.465E+05
  413.0  3.265E+07  1.186E+06  2.780E+04 9.464E-16  1.804E+06  3.233E+01  1.953E+05  4.387E+05
  414.0  3.201E+07  1.146E+06  2.672E+04 9.272E-16  1.795E+06  3.077E+01  1.951E+05  4.310E+05
  415.0  3.139E+07  1.107E+06  2.569E+04 9.085E-16  1.786E+06  2.929E+01  1.949E+05  4.235E+05
  416.0  3.077E+07  1.069E+06  2.469E+04 8.901E-16  1.777E+06  2.787E+01  1.946E+05  4.161E+05
  417.0  3.017E+07  1.033E+06  2.373E+04 8.722E-16  1.768E+06  2.653E+01  1.944E+05  4.088E+05
  418.0  2.958E+07  9.980E+05  2.281E+04 8.546E-16  1.760E+06  2.525E+01  1.941E+05  4.017E+05
  419.0  2.900E+07  9.641E+05  2.193E+04 8.374E-16  1.751E+06  2.403E+01  1.939E+05  3.947E+05
  420.0  2.843E+07  9.313E+05  2.108E+04 8.205E-16  1.742E+06  2.288E+01  1.937E+05  3.878E+05
  421.0  2.788E+07  8.997E+05  2.026E+04 8.040E-16  1.734E+06  2.177E+01  1.934E+05  3.811E+05
  422.0  2.733E+07  8.691E+05  1.948E+04 7.879E-16  1.725E+06  2.073E+01  1.932E+05  3.745E+05
  423.0  2.680E+07  8.396E+05  1.873E+04 7.721E-16  1.717E+06  1.973E+01  1.929E+05  3.679E+05
  424.0  2.627E+07  8.111E+05  1.800E+04 7.566E-16  1.708E+06  1.878E+01  1.927E+05  3.615E+05
  425.0  2.576E+07  7.836E+05  1.731E+04 7.414E-16  1.700E+06  1.788E+01  1.925E+05  3.553E+05
  426.0  2.526E+07  7.570E+05  1.664E+04 7.266E-16  1.692E+06  1.702E+01  1.922E+05  3.491E+05
  427.0  2.477E+07  7.314E+05  1.599E+04 7.121E-16  1.683E+06  1.620E+01  1.920E+05  3.430E+05
  428.0  2.428E+07  7.066E+05  1.538E+04 6.979E-16  1.675E+06  1.542E+01  1.917E+05  3.371E+05
  429.0  2.381E+07  6.827E+05  1.478E+04 6.840E-16  1.667E+06  1.468E+01  1.915E+05  3.313E+05
  430.0  2.334E+07  6.595E+05  1.421E+04 6.703E-16  1.659E+06  1.397E+01  1.913E+05  3.255E+05
  431.0  2.289E+07  6.372E+05  1.366E+04 6.570E-16  1.650E+06  1.330E+01  1.910E+05  3.199E+05
  432.0  2.244E+07  6.156E+05  1.314E+04 6.439E-16  1.642E+06  1.266E+01  1.908E+05  3.143E+05
  433.0  2.201E+07  5.948E+05  1.263E+04 6.311E-16  1.634E+06  1.206E+01  1.906E+05  3.089E+05
  434.0  2.158E+07  5.747E+05  1.214E+04 6.186E-16  1.626E+06  1.148E+01  1.903E+05  3.036E+05
  435.0  2.116E+07  5.552E+05  1.167E+04 6.064E-16  1.618E+06  1.093E+01  1.901E+05  2.983E+05
  436.0  2.075E+07  5.365E+05  1.122E+04 5.944E-16  1.610E+06  1.040E+01  1.899E+05  2.932E+05
  437.0  2.034E+07  5.183E+05  1.079E+04 5.826E-16  1.602E+06  9.905E+00  1.896E+05  2.881E+05
  438.0  1.995E+07  5.008E+05  1.037E+04 5.711E-16  1.595E+06  9.430E+00  1.894E+05  2.831E+05
  439.0  1.956E+07  4.839E+05  9.975E+03 5.598E-16  1.587E+06  8.978E+00  1.892E+05  2.783E+05
  440.0  1.918E+07  4.675E+05  9.591E+03 5.488E-16  1.579E+06  8.548E+00  1.889E+05  2.735E+05
  441.0  1.881E+07  4.518E+05  9.222E+03 5.379E-16  1.571E+06  8.139E+00  1.887E+05  2.688E+05
  442.0  1.844E+07  4.365E+05  8.867E+03 5.274E-16  1.564E+06  7.749E+00  1.885E+05  2.641E+05
  443.0  1.808E+07  4.218E+05  8.526E+03 5.170E-16  1.556E+06  7.379E+00  1.882E+05  2.596E+05
  444.0  1.773E+07  4.076E+05  8.198E+03 5.068E-16  1.548E+06  7.026E+00  1.880E+05  2.551E+05
  445.0  1.739E+07  3.938E+05  7.883E+03 4.969E-16  1.541E+06  6.690E+00  1.878E+05  2.507E+05
  446.0  1.705E+07  3.805E+05  7.580E+03 4.871E-16  1.533E+06  6.370E+00  1.876E+05  2.464E+05
  447.0  1.672E+07  3.677E+05  7.289E+03 4.776E-16  1.526E+06  6.065E+00  1.873E+05  2.422E+05
  448.0  1.639E+07  3.553E+05  7.009E+03 4.682E-16  1.518E+06  5.775E+00  1.871E+05  2.380E+05
  449.0  1.608E+07  3.433E+05  6.740E+03 4.591E-16  1.511E+06  5.500E+00  1.869E+05  2.340E+05
  450.0  1.576E+07  3.318E+05  6.481E+03 4.501E-16  1.503E+06  5.237E+00  1.866E+05  2.299E+05
  451.0  1.546E+07  3.206E+05  6.232E+03 4.413E-16  1.496E+06  4.987E+00  1.864E+05  2.239E+05
  452.0  1.516E+07  3.098E+05  5.993E+03 4.327E-16  1.489E+06  4.749E+00  1.862E+05  2.201E+05
  453.0  1.487E+07  2.994E+05  5.763E+03 4.242E-16  1.482E+06  4.522E+00  1.860E+05  2.163E+05
  454.0  1.458E+07  2.893E+05  5.542E+03 4.160E-16  1.474E+06  4.307E+00  1.857E+05  2.127E+05
  455.0  1.430E+07  2.796E+05  5.330E+03 4.079E-16  1.467E+06  4.101E+00  1.855E+05  2.091E+05
  456.0  1.402E+07  2.702E+05  5.125E+03 4.000E-16  1.460E+06  3.906E+00  1.853E+05  2.055E+05
  457.0  1.375E+07  2.611E+05  4.929E+03 3.922E-16  1.453E+06  3.720E+00  1.850E+05  2.020E+05
  458.0  1.348E+07  2.523E+05  4.740E+03 3.846E-16  1.446E+06  3.542E+00  1.848E+05  1.986E+05
  459.0  1.322E+07  2.439E+05  4.559E+03 3.771E-16  1.439E+06  3.374E+00  1.846E+05  1.952E+05
  460.0  1.297E+07  2.357E+05  4.384E+03 3.698E-16  1.432E+06  3.213E+00  1.844E+05  1.919E+05
  461.0  1.272E+07  2.278E+05  4.216E+03 3.627E-16  1.425E+06  3.060E+00  1.841E+05  1.887E+05
  462.0  1.247E+07  2.201E+05  4.055E+03 3.557E-16  1.418E+06  2.914E+00  1.839E+05  1.855E+05
  463.0  1.223E+07  2.127E+05  3.900E+03 3.488E-16  1.411E+06  2.776E+00  1.837E+05  1.824E+05
  464.0  1.199E+07  2.056E+05  3.751E+03 3.421E-16  1.404E+06  2.644E+00  1.835E+05  1.793E+05
  465.0  1.176E+07  1.987E+05  3.607E+03 3.355E-16  1.397E+06  2.518E+00  1.832E+05  1.762E+05
  466.0  1.153E+07  1.921E+05  3.470E+03 3.290E-16  1.391E+06  2.398E+00  1.830E+05  1.733E+05
  467.0  1.131E+07  1.856E+05  3.337E+03 3.227E-16  1.384E+06  2.284E+00  1.828E+05  1.703E+05
  468.0  1.109E+07  1.794E+05  3.210E+03 3.165E-16  1.377E+06  2.176E+00  1.826E+05  1.675E+05
  469.0  1.088E+07  1.734E+05  3.087E+03 3.104E-16  1.370E+06  2.072E+00  1.824E+05  1.646E+05
  470.0  1.067E+07  1.676E+05  2.969E+03 3.045E-16  1.364E+06  1.974E+00  1.821E+05  1.618E+05
  471.0  1.046E+07  1.620E+05  2.856E+03 2.986E-16  1.357E+06  1.880E+00  1.819E+05  1.591E+05
  472.0  1.026E+07  1.566E+05  2.747E+03 2.929E-16  1.350E+06  1.791E+00  1.817E+05  1.564E+05
  473.0  1.007E+07  1.513E+05  2.642E+03 2.873E-16  1.344E+06  1.706E+00  1.815E+05  1.538E+05
  474.0  9.872E+06  1.463E+05  2.541E+03 2.818E-16  1.337E+06  1.625E+00  1.813E+05  1.512E+05
  475.0  9.682E+06  1.414E+05  2.445E+03 2.764E-16  1.331E+06  1.548E+00  1.810E+05  1.486E+05
  476.0  9.496E+06  1.366E+05  2.351E+03 2.712E-16  1.325E+06  1.475E+00  1.808E+05  1.461E+05
  477.0  9.313E+06  1.321E+05  2.262E+03 2.660E-16  1.318E+06  1.405E+00  1.806E+05  1.437E+05
  478.0  9.134E+06  1.277E+05  2.176E+03 2.609E-16  1.312E+06  1.338E+00  1.804E+05  1.413E+05
  479.0  8.958E+06  1.234E+05  2.093E+03 2.560E-16  1.305E+06  1.275E+00  1.802E+05  1.389E+05
  480.0  8.786E+06  1.193E+05  2.013E+03 2.511E-16  1.299E+06  1.215E+00  1.799E+05  1.365E+05
  481.0  8.618E+06  1.153E+05  1.937E+03 2.463E-16  1.293E+06  1.157E+00  1.797E+05  1.342E+05
  482.0  8.452E+06  1.115E+05  1.863E+03 2.417E-16  1.287E+06  1.102E+00  1.795E+05  1.320E+05
  483.0  8.290E+06  1.077E+05  1.792E+03 2.371E-16  1.280E+06  1.050E+00  1.793E+05  1.298E+05
  484.0  8.131E+06  1.041E+05  1.724E+03 2.326E-16  1.274E+06  1.001E+00  1.791E+05  1.276E+05
  485.0  7.975E+06  1.007E+05  1.659E+03 2.282E-16  1.268E+06  9.532E-01  1.788E+05  1.254E+05
  486.0  7.822E+06  9.732E+04  1.595E+03 2.239E-16  1.262E+06  9.082E-01  1.786E+05  1.233E+05
  487.0  7.672E+06  9.408E+04  1.535E+03 2.197E-16  1.256E+06  8.653E-01  1.784E+05  1.213E+05
  488.0  7.525E+06  9.095E+04  1.477E+03 2.155E-16  1.250E+06  8.244E-01  1.782E+05  1.192E+05
  489.0  7.380E+06  8.792E+04  1.421E+03 2.115E-16  1.244E+06  7.854E-01  1.780E+05  1.172E+05
  490.0  7.239E+06  8.499E+04  1.367E+03 2.075E-16  1.238E+06  7.484E-01  1.778E+05  1.153E+05
  491.0  7.100E+06  8.216E+04  1.315E+03 2.036E-16  1.232E+06  7.130E-01  1.776E+05  1.133E+05
  492.0  6.964E+06  7.943E+04  1.265E+03 1.998E-16  1.226E+06  6.794E-01  1.773E+05  1.114E+05
  493.0  6.831E+06  7.679E+04  1.217E+03 1.960E-16  1.220E+06  6.474E-01  1.771E+05  1.096E+05
  494.0  6.700E+06  7.424E+04  1.171E+03 1.923E-16  1.214E+06  6.168E-01  1.769E+05  1.077E+05
  495.0  6.572E+06  7.177E+04  1.126E+03 1.887E-16  1.208E+06  5.877E-01  1.767E+05  1.059E+05
  496.0  6.447E+06  6.938E+04  1.084E+03 1.852E-16  1.202E+06  5.600E-01  1.765E+05  1.041E+05
  497.0  6.323E+06  6.708E+04  1.043E+03 1.817E-16  1.196E+06  5.337E-01  1.763E+05  1.024E+05
  498.0  6.202E+06  6.485E+04  1.003E+03 1.783E-16  1.191E+06  5.085E-01  1.761E+05  1.007E+05
  499.0  6.084E+06  6.270E+04  9.653E+02 1.750E-16  1.185E+06  4.846E-01  1.758E+05  9.899E+04
  500.0  5.968E+06  6.062E+04  9.288E+02 1.718E-16  1.179E+06  4.618E-01  1.756E+05  9.734E+04
  501.0  5.854E+06  5.861E+04  8.936E+02 1.686E-16  1.174E+06  4.400E-01  1.754E+05  9.571E+04
  502.0  5.742E+06  5.666E+04  8.598E+02 1.654E-16  1.168E+06  4.193E-01  1.752E+05  9.411E+04
  503.0  5.632E+06  5.478E+04  8.273E+02 1.623E-16  1.162E+06  3.996E-01  1.750E+05  9.253E+04
  504.0  5.525E+06  5.297E+04  7.960E+02 1.593E-16  1.157E+06  3.808E-01  1.748E+05  9.099E+04
  505.0  5.419E+06  5.121E+04  7.660E+02 1.564E-16  1.151E+06  3.629E-01  1.746E+05  8.947E+04
  506.0  5.316E+06  4.951E+04  7.370E+02 1.535E-16  1.146E+06  3.459E-01  1.744E+05  8.797E+04
  507.0  5.215E+06  4.787E+04  7.092E+02 1.506E-16  1.140E+06  3.296E-01  1.742E+05  8.650E+04
  508.0  5.115E+06  4.629E+04  6.824E+02 1.479E-16  1.135E+06  3.141E-01  1.740E+05  8.506E+04
  509.0  5.018E+06  4.476E+04  6.567E+02 1.451E-16  1.129E+06  2.994E-01  1.737E+05  8.364E+04
  510.0  4.922E+06  4.327E+04  6.319E+02 1.424E-16  1.124E+06  2.853E-01  1.735E+05  8.224E+04
  511.0  4.829E+06  4.184E+04  6.080E+02 1.398E-16  1.118E+06  2.719E-01  1.733E+05  8.087E+04
  512.0  4.737E+06  4.046E+04  5.851E+02 1.372E-16  1.113E+06  2.592E-01  1.731E+05  7.952E+04
  513.0  4.647E+06  3.912E+04  5.631E+02 1.347E-16  1.108E+06  2.470E-01  1.729E+05  7.820E+04
  514.0  4.558E+06  3.783E+04  5.418E+02 1.322E-16  1.102E+06  2.354E-01  1.727E+05  7.689E+04
  515.0  4.471E+06  3.658E+04  5.214E+02 1.298E-16  1.097E+06  2.244E-01  1.725E+05  7.561E+04
  516.0  4.386E+06  3.537E+04  5.018E+02 1.274E-16  1.092E+06  2.139E-01  1.723E+05  7.435E+04
  517.0  4.303E+06  3.420E+04  4.829E+02 1.251E-16  1.087E+06  2.039E-01  1.721E+05  7.311E+04
  518.0  4.221E+06  3.307E+04  4.647E+02 1.228E-16  1.082E+06  1.943E-01  1.719E+05  7.190E+04
  519.0  4.141E+06  3.198E+04  4.472E+02 1.206E-16  1.076E+06  1.852E-01  1.717E+05  7.070E+04
  520.0  4.062E+06  3.092E+04  4.304E+02 1.184E-16  1.071E+06  1.765E-01  1.715E+05  6.952E+04
  521.0  3.985E+06  2.990E+04  4.142E+02 1.162E-16  1.066E+06  1.683E-01  1.713E+05  6.837E+04
  522.0  3.910E+06  2.892E+04  3.986E+02 1.141E-16  1.061E+06  1.604E-01  1.711E+05  6.723E+04
  523.0  3.835E+06  2.796E+04  3.836E+02 1.120E-16  1.056E+06  1.529E-01  1.708E+05  6.611E+04
  524.0  3.763E+06  2.704E+04  3.692E+02 1.100E-16  1.051E+06  1.458E-01  1.706E+05  6.501E+04
  525.0  3.691E+06  2.615E+04  3.553E+02 1.080E-16  1.046E+06  1.389E-01  1.704E+05  6.393E+04
  526.0  3.621E+06  2.529E+04  3.420E+02 1.060E-16  1.041E+06  1.325E-01  1.702E+05  6.287E+04
  527.0  3.553E+06  2.446E+04  3.292E+02 1.041E-16  1.036E+06  1.263E-01  1.700E+05  6.183E+04
  528.0  3.485E+06  2.365E+04  3.168E+02 1.022E-16  1.031E+06  1.204E-01  1.698E+05  6.080E+04
  529.0  3.419E+06  2.287E+04  3.049E+02 1.004E-16  1.026E+06  1.148E-01  1.696E+05  5.979E+04
  530.0  3.355E+06  2.212E+04  2.935E+02 9.857E-17  1.021E+06  1.094E-01  1.694E+05  5.880E+04
  531.0  3.291E+06  2.139E+04  2.825E+02 9.679E-17  1.016E+06  1.043E-01  1.692E+05  5.782E+04
  532.0  3.229E+06  2.069E+04  2.719E+02 9.505E-17  1.011E+06  9.943E-02  1.690E+05  5.687E+04
  533.0  3.168E+06  2.001E+04  2.617E+02 9.334E-17  1.007E+06  9.479E-02  1.688E+05  5.592E+04
  534.0  3.108E+06  1.935E+04  2.519E+02 9.166E-17  1.002E+06  9.037E-02  1.686E+05  5.500E+04
  535.0  3.049E+06  1.872E+04  2.424E+02 9.002E-17  9.970E+05  8.616E-02  1.684E+05  5.408E+04
  536.0  2.991E+06  1.810E+04  2.334E+02 8.841E-17  9.923E+05  8.214E-02  1.682E+05  5.319E+04
  537.0  2.935E+06  1.751E+04  2.246E+02 8.682E-17  9.876E+05  7.832E-02  1.680E+05  5.231E+04
  538.0  2.879E+06  1.693E+04  2.162E+02 8.527E-17  9.829E+05  7.467E-02  1.678E+05  5.144E+04
  539.0  2.825E+06  1.638E+04  2.081E+02 8.375E-17  9.782E+05  7.119E-02  1.676E+05  5.059E+04
  540.0  2.772E+06  1.584E+04  2.003E+02 8.226E-17  9.735E+05  6.788E-02  1.674E+05  4.975E+04
  541.0  2.719E+06  1.532E+04  1.928E+02 8.079E-17  9.689E+05  6.472E-02  1.672E+05  4.893E+04
  542.0  2.668E+06  1.482E+04  1.856E+02 7.936E-17  9.643E+05  6.171E-02  1.670E+05  4.812E+04
  543.0  2.618E+06  1.433E+04  1.787E+02 7.795E-17  9.597E+05  5.884E-02  1.668E+05  4.733E+04
  544.0  2.568E+06  1.386E+04  1.720E+02 7.657E-17  9.552E+05  5.610E-02  1.666E+05  4.654E+04
  545.0  2.520E+06  1.341E+04  1.656E+02 7.521E-17  9.506E+05  5.350E-02  1.664E+05  4.578E+04
  546.0  2.472E+06  1.297E+04  1.594E+02 7.388E-17  9.461E+05  5.101E-02  1.662E+05  4.502E+04
  547.0  2.426E+06  1.254E+04  1.535E+02 7.257E-17  9.416E+05  4.864E-02  1.660E+05  4.428E+04
  548.0  2.380E+06  1.213E+04  1.477E+02 7.129E-17  9.372E+05  4.638E-02  1.658E+05  4.355E+04
  549.0  2.335E+06  1.174E+04  1.422E+02 7.004E-17  9.327E+05  4.423E-02  1.656E+05  4.283E+04
  550.0  2.291E+06  1.135E+04  1.369E+02 6.881E-17  9.283E+05  4.218E-02  1.654E+05  4.212E+04
  551.0  2.248E+06  1.098E+04  1.318E+02 6.760E-17  9.239E+05  4.022E-02  1.652E+05  4.143E+04
  552.0  2.206E+06  1.062E+04  1.269E+02 6.641E-17  9.195E+05  3.835E-02  1.650E+05  4.074E+04
  553.0  2.164E+06  1.027E+04  1.222E+02 6.525E-17  9.152E+05  3.658E-02  1.648E+05  4.007E+04
  554.0  2.124E+06  9.938E+03  1.176E+02 6.411E-17  9.108E+05  3.488E-02  1.647E+05  3.941E+04
  555.0  2.084E+06  9.613E+03  1.132E+02 6.299E-17  9.065E+05  3.326E-02  1.645E+05  3.876E+04
  556.0  2.044E+06  9.299E+03  1.090E+02 6.189E-17  9.022E+05  3.172E-02  1.643E+05  3.812E+04
  557.0  2.006E+06  8.996E+03  1.049E+02 6.081E-17  8.979E+05  3.025E-02  1.641E+05  3.750E+04
  558.0  1.968E+06  8.702E+03  1.010E+02 5.975E-17  8.937E+05  2.885E-02  1.639E+05  3.688E+04
  559.0  1.931E+06  8.418E+03  9.728E+01 5.871E-17  8.895E+05  2.752E-02  1.637E+05  3.627E+04
  560.0  1.895E+06  8.143E+03  9.366E+01 5.770E-17  8.853E+05  2.624E-02  1.635E+05  3.568E+04
  561.0  1.860E+06  7.878E+03  9.018E+01 5.670E-17  8.811E+05  2.503E-02  1.633E+05  3.509E+04
  562.0  1.825E+06  7.621E+03  8.683E+01 5.572E-17  8.769E+05  2.387E-02  1.631E+05  3.451E+04
  563.0  1.790E+06  7.372E+03  8.360E+01 5.475E-17  8.728E+05  2.277E-02  1.629E+05  3.395E+04
  564.0  1.757E+06  7.132E+03  8.049E+01 5.381E-17  8.687E+05  2.171E-02  1.627E+05  3.339E+04
  565.0  1.724E+06  6.900E+03  7.750E+01 5.288E-17  8.646E+05  2.071E-02  1.625E+05  3.284E+04
  566.0  1.692E+06  6.675E+03  7.463E+01 5.198E-17  8.605E+05  1.975E-02  1.623E+05  3.230E+04
  567.0  1.660E+06  6.458E+03  7.185E+01 5.108E-17  8.564E+05  1.884E-02  1.621E+05  3.177E+04
  568.0  1.629E+06  6.247E+03  6.919E+01 5.021E-17  8.524E+05  1.797E-02  1.619E+05  3.125E+04
  569.0  1.598E+06  6.044E+03  6.662E+01 4.935E-17  8.484E+05  1.714E-02  1.618E+05  3.074E+04
  570.0  1.568E+06  5.848E+03  6.415E+01 4.851E-17  8.444E+05  1.635E-02  1.616E+05  3.023E+04
  571.0  1.539E+06  5.657E+03  6.177E+01 4.768E-17  8.404E+05  1.560E-02  1.614E+05  2.974E+04
  572.0  1.510E+06  5.473E+03  5.948E+01 4.687E-17  8.364E+05  1.488E-02  1.612E+05  2.925E+04
  573.0  1.482E+06  5.295E+03  5.728E+01 4.607E-17  8.325E+05  1.419E-02  1.610E+05  2.877E+04
  574.0  1.454E+06  5.123E+03  5.515E+01 4.529E-17  8.286E+05  1.354E-02  1.608E+05  2.830E+04
  575.0  1.427E+06  4.957E+03  5.311E+01 4.452E-17  8.247E+05  1.291E-02  1.606E+05  2.783E+04
  576.0  1.400E+06  4.796E+03  5.114E+01 4.377E-17  8.208E+05  1.232E-02  1.604E+05  2.738E+04
  577.0  1.374E+06  4.640E+03  4.925E+01 4.303E-17  8.169E+05  1.175E-02  1.602E+05  2.693E+04
  578.0  1.349E+06  4.490E+03  4.743E+01 4.231E-17  8.131E+05  1.121E-02  1.600E+05  2.649E+04
  579.0  1.323E+06  4.344E+03  4.567E+01 4.160E-17  8.093E+05  1.069E-02  1.599E+05  2.606E+04
  580.0  1.299E+06  4.203E+03  4.398E+01 4.090E-17  8.055E+05  1.020E-02  1.597E+05  2.563E+04
  581.0  1.274E+06  4.067E+03  4.236E+01 4.021E-17  8.017E+05  9.732E-03  1.595E+05  2.521E+04
  582.0  1.251E+06  3.935E+03  4.079E+01 3.954E-17  7.979E+05  9.284E-03  1.593E+05  2.480E+04
  583.0  1.227E+06  3.807E+03  3.928E+01 3.888E-17  7.942E+05  8.857E-03  1.591E+05  2.439E+04
  584.0  1.204E+06  3.684E+03  3.783E+01 3.823E-17  7.904E+05  8.450E-03  1.589E+05  2.400E+04
  585.0  1.182E+06  3.565E+03  3.643E+01 3.760E-17  7.867E+05  8.062E-03  1.587E+05  2.360E+04
  586.0  1.160E+06  3.449E+03  3.509E+01 3.697E-17  7.830E+05  7.692E-03  1.585E+05  2.322E+04
  587.0  1.138E+06  3.337E+03  3.379E+01 3.636E-17  7.794E+05  7.338E-03  1.584E+05  2.284E+04
  588.0  1.117E+06  3.229E+03  3.255E+01 3.576E-17  7.757E+05  7.001E-03  1.582E+05  2.247E+04
  589.0  1.096E+06  3.125E+03  3.135E+01 3.517E-17  7.721E+05  6.680E-03  1.580E+05  2.210E+04
  590.0  1.076E+06  3.024E+03  3.019E+01 3.459E-17  7.684E+05  6.373E-03  1.578E+05  2.174E+04
  591.0  1.056E+06  2.926E+03  2.908E+01 3.402E-17  7.648E+05  6.081E-03  1.576E+05  2.139E+04
  592.0  1.036E+06  2.831E+03  2.800E+01 3.346E-17  7.613E+05  5.802E-03  1.574E+05  2.104E+04
  593.0  1.017E+06  2.740E+03  2.697E+01 3.291E-17  7.577E+05  5.536E-03  1.572E+05  2.069E+04
  594.0  9.981E+05  2.651E+03  2.598E+01 3.237E-17  7.541E+05  5.282E-03  1.571E+05  2.036E+04
  595.0  9.795E+05  2.566E+03  2.502E+01 3.185E-17  7.506E+05  5.040E-03  1.569E+05  2.003E+04
  596.0  9.613E+05  2.483E+03  2.410E+01 3.133E-17  7.471E+05  4.809E-03  1.567E+05  1.970E+04
  597.0  9.434E+05  2.403E+03  2.321E+01 3.082E-17  7.436E+05  4.589E-03  1.565E+05  1.938E+04
  598.0  9.259E+05  2.325E+03  2.236E+01 3.032E-17  7.401E+05  4.379E-03  1.563E+05  1.906E+04
  599.0  9.087E+05  2.250E+03  2.154E+01 2.983E-17  7.367E+05  4.178E-03  1.561E+05  1.875E+04
  600.0  8.919E+05  2.178E+03  2.074E+01 2.935E-17  7.332E+05  3.987E-03  1.560E+05  1.845E+04
  601.0  8.753E+05  2.107E+03  1.998E+01 2.887E-17  7.298E+05  3.805E-03  1.558E+05  1.815E+04
  602.0  8.591E+05  2.039E+03  1.925E+01 2.841E-17  7.264E+05  3.631E-03  1.556E+05  1.785E+04
  603.0  8.431E+05  1.974E+03  1.854E+01 2.795E-17  7.230E+05  3.465E-03  1.554E+05  1.756E+04
  604.0  8.275E+05  1.910E+03  1.786E+01 2.751E-17  7.196E+05  3.306E-03  1.552E+05  1.728E+04
  605.0  8.122E+05  1.849E+03  1.720E+01 2.707E-17  7.163E+05  3.155E-03  1.551E+05  1.700E+04
  606.0  7.971E+05  1.789E+03  1.657E+01 2.663E-17  7.129E+05  3.011E-03  1.549E+05  1.672E+04
  607.0  7.823E+05  1.731E+03  1.596E+01 2.621E-17  7.096E+05  2.874E-03  1.547E+05  1.645E+04
  608.0  7.679E+05  1.676E+03  1.538E+01 2.580E-17  7.063E+05  2.742E-03  1.545E+05  1.618E+04
  609.0  7.536E+05  1.622E+03  1.481E+01 2.539E-17  7.030E+05  2.617E-03  1.543E+05  1.592E+04
  610.0  7.397E+05  1.570E+03  1.427E+01 2.499E-17  6.997E+05  2.498E-03  1.541E+05  1.566E+04
  611.0  7.260E+05  1.519E+03  1.375E+01 2.459E-17  6.965E+05  2.384E-03  1.540E+05  1.541E+04
  612.0  7.126E+05  1.470E+03  1.324E+01 2.421E-17  6.932E+05  2.275E-03  1.538E+05  1.516E+04
  613.0  6.994E+05  1.423E+03  1.276E+01 2.383E-17  6.900E+05  2.171E-03  1.536E+05  1.491E+04
  614.0  6.865E+05  1.377E+03  1.229E+01 2.345E-17  6.868E+05  2.072E-03  1.534E+05  1.467E+04
  615.0  6.738E+05  1.333E+03  1.184E+01 2.309E-17  6.836E+05  1.978E-03  1.533E+05  1.443E+04
  616.0  6.613E+05  1.290E+03  1.141E+01 2.273E-17  6.804E+05  1.888E-03  1.531E+05  1.420E+04
  617.0  6.491E+05  1.249E+03  1.099E+01 2.237E-17  6.772E+05  1.802E-03  1.529E+05  1.397E+04
  618.0  6.371E+05  1.209E+03  1.059E+01 2.203E-17  6.741E+05  1.720E-03  1.527E+05  1.374E+04
  619.0  6.254E+05  1.170E+03  1.020E+01 2.169E-17  6.710E+05  1.641E-03  1.525E+05  1.352E+04
  620.0  6.138E+05  1.132E+03  9.826E+00 2.135E-17  6.678E+05  1.567E-03  1.524E+05  1.330E+04
  621.0  6.025E+05  1.096E+03  9.467E+00 2.102E-17  6.647E+05  1.496E-03  1.522E+05  1.309E+04
  622.0  5.914E+05  1.061E+03  9.121E+00 2.070E-17  6.617E+05  1.427E-03  1.520E+05  1.288E+04
  623.0  5.805E+05  1.027E+03  8.787E+00 2.038E-17  6.586E+05  1.363E-03  1.518E+05  1.267E+04
  624.0  5.698E+05  9.941E+02  8.466E+00 2.007E-17  6.555E+05  1.301E-03  1.517E+05  1.246E+04
  625.0  5.593E+05  9.622E+02  8.157E+00 1.977E-17  6.525E+05  1.242E-03  1.515E+05  1.226E+04
  626.0  5.490E+05  9.314E+02  7.859E+00 1.947E-17  6.495E+05  1.185E-03  1.513E+05  1.207E+04
  627.0  5.388E+05  9.016E+02  7.572E+00 1.917E-17  6.464E+05  1.131E-03  1.511E+05  1.187E+04
  628.0  5.289E+05  8.727E+02  7.296E+00 1.888E-17  6.434E+05  1.080E-03  1.509E+05  1.168E+04
  629.0  5.192E+05  8.448E+02  7.030E+00 1.860E-17  6.405E+05  1.031E-03  1.508E+05  1.149E+04
  630.0  5.096E+05  8.178E+02  6.773E+00 1.832E-17  6.375E+05  9.841E-04  1.506E+05  1.131E+04
  631.0  5.002E+05  7.916E+02  6.526E+00 1.805E-17  6.345E+05  9.395E-04  1.504E+05  1.112E+04
  632.0  4.910E+05  7.663E+02  6.289E+00 1.778E-17  6.316E+05  8.969E-04  1.503E+05  1.094E+04
  633.0  4.820E+05  7.418E+02  6.059E+00 1.751E-17  6.287E+05  8.562E-04  1.501E+05  1.077E+04
  634.0  4.732E+05  7.181E+02  5.839E+00 1.725E-17  6.258E+05  8.174E-04  1.499E+05  1.059E+04
  635.0  4.645E+05  6.952E+02  5.626E+00 1.700E-17  6.229E+05  7.804E-04  1.497E+05  1.042E+04
  636.0  4.559E+05  6.730E+02  5.421E+00 1.674E-17  6.200E+05  7.450E-04  1.496E+05  1.026E+04
  637.0  4.476E+05  6.515E+02  5.224E+00 1.650E-17  6.171E+05  7.113E-04  1.494E+05  1.009E+04
  638.0  4.393E+05  6.307E+02  5.034E+00 1.626E-17  6.143E+05  6.791E-04  1.492E+05  9.929E+03
  639.0  4.313E+05  6.106E+02  4.851E+00 1.602E-17  6.114E+05  6.483E-04  1.490E+05  9.769E+03
  640.0  4.234E+05  5.911E+02  4.674E+00 1.578E-17  6.086E+05  6.190E-04  1.489E+05  9.612E+03
  641.0  4.156E+05  5.723E+02  4.504E+00 1.555E-17  6.058E+05  5.910E-04  1.487E+05  9.457E+03
  642.0  4.080E+05  5.540E+02  4.340E+00 1.533E-17  6.030E+05  5.642E-04  1.485E+05  9.305E+03
  643.0  4.005E+05  5.364E+02  4.183E+00 1.511E-17  6.002E+05  5.387E-04  1.483E+05  9.156E+03
  644.0  3.931E+05  5.193E+02  4.031E+00 1.489E-17  5.975E+05  5.144E-04  1.482E+05  9.009E+03
  645.0  3.859E+05  5.027E+02  3.884E+00 1.467E-17  5.947E+05  4.911E-04  1.480E+05  8.864E+03
  646.0  3.789E+05  4.867E+02  3.743E+00 1.446E-17  5.920E+05  4.689E-04  1.478E+05  8.722E+03
  647.0  3.719E+05  4.712E+02  3.607E+00 1.426E-17  5.892E+05  4.478E-04  1.477E+05  8.582E+03
  648.0  3.651E+05  4.562E+02  3.477E+00 1.405E-17  5.865E+05  4.276E-04  1.475E+05  8.444E+03
  649.0  3.584E+05  4.417E+02  3.350E+00 1.385E-17  5.838E+05  4.082E-04  1.473E+05  8.309E+03
  650.0  3.519E+05  4.277E+02  3.229E+00 1.366E-17  5.811E+05  3.898E-04  1.472E+05  8.176E+03
  651.0  3.454E+05  4.141E+02  3.112E+00 1.347E-17  5.784E+05  3.722E-04  1.470E+05  8.045E+03
  652.0  3.391E+05  4.009E+02  2.999E+00 1.328E-17  5.758E+05  3.555E-04  1.468E+05  7.916E+03
  653.0  3.329E+05  3.882E+02  2.890E+00 1.309E-17  5.731E+05  3.394E-04  1.466E+05  7.789E+03
  654.0  3.268E+05  3.758E+02  2.786E+00 1.291E-17  5.705E+05  3.241E-04  1.465E+05  7.664E+03
  655.0  3.209E+05  3.639E+02  2.685E+00 1.273E-17  5.679E+05  3.095E-04  1.463E+05  7.542E+03
  656.0  3.150E+05  3.523E+02  2.588E+00 1.255E-17  5.652E+05  2.956E-04  1.461E+05  7.421E+03
  657.0  3.092E+05  3.412E+02  2.494E+00 1.238E-17  5.627E+05  2.823E-04  1.460E+05  7.302E+03
  658.0  3.036E+05  3.303E+02  2.404E+00 1.221E-17  5.601E+05  2.696E-04  1.458E+05  7.185E+03
  659.0  2.980E+05  3.198E+02  2.317E+00 1.204E-17  5.575E+05  2.574E-04  1.456E+05  7.070E+03
  660.0  2.926E+05  3.097E+02  2.233E+00 1.187E-17  5.549E+05  2.458E-04  1.455E+05  6.957E+03
  661.0  2.873E+05  2.999E+02  2.152E+00 1.171E-17  5.524E+05  2.348E-04  1.453E+05  6.846E+03
  662.0  2.820E+05  2.904E+02  2.074E+00 1.155E-17  5.498E+05  2.242E-04  1.451E+05  6.737E+03
  663.0  2.769E+05  2.812E+02  1.999E+00 1.140E-17  5.473E+05  2.141E-04  1.450E+05  6.629E+03
  664.0  2.718E+05  2.723E+02  1.927E+00 1.124E-17  5.448E+05  2.045E-04  1.448E+05  6.523E+03
  665.0  2.669E+05  2.636E+02  1.858E+00 1.109E-17  5.423E+05  1.953E-04  1.446E+05  6.419E+03
  666.0  2.620E+05  2.553E+02  1.791E+00 1.094E-17  5.398E+05  1.865E-04  1.445E+05  6.317E+03
  667.0  2.573E+05  2.472E+02  1.726E+00 1.080E-17  5.373E+05  1.782E-04  1.443E+05  6.216E+03
  668.0  2.526E+05  2.394E+02  1.664E+00 1.065E-17  5.349E+05  1.702E-04  1.441E+05  6.117E+03
  669.0  2.480E+05  2.318E+02  1.604E+00 1.051E-17  5.324E+05  1.625E-04  1.440E+05  6.019E+03
  670.0  2.435E+05  2.245E+02  1.546E+00 1.037E-17  5.300E+05  1.552E-04  1.438E+05  5.923E+03
  671.0  2.390E+05  2.174E+02  1.490E+00 1.024E-17  5.276E+05  1.483E-04  1.436E+05  5.829E+03
  672.0  2.347E+05  2.105E+02  1.436E+00 1.010E-17  5.252E+05  1.416E-04  1.435E+05  5.736E+03
  673.0  2.304E+05  2.039E+02  1.385E+00 9.969E-18  5.227E+05  1.353E-04  1.433E+05  5.645E+03
  674.0  2.262E+05  1.974E+02  1.335E+00 9.840E-18  5.204E+05  1.292E-04  1.431E+05  5.555E+03
  675.0  2.221E+05  1.912E+02  1.287E+00 9.712E-18  5.180E+05  1.234E-04  1.430E+05  5.466E+03
  676.0  2.181E+05  1.851E+02  1.240E+00 9.587E-18  5.156E+05  1.179E-04  1.428E+05  5.379E+03
  677.0  2.141E+05  1.793E+02  1.196E+00 9.463E-18  5.133E+05  1.126E-04  1.427E+05  5.294E+03
  678.0  2.102E+05  1.736E+02  1.153E+00 9.342E-18  5.109E+05  1.076E-04  1.425E+05  5.210E+03
  679.0  2.064E+05  1.682E+02  1.111E+00 9.222E-18  5.086E+05  1.027E-04  1.423E+05  5.127E+03
  680.0  2.027E+05  1.629E+02  1.071E+00 9.105E-18  5.062E+05  9.815E-05  1.422E+05  5.045E+03
  681.0  1.990E+05  1.577E+02  1.033E+00 8.990E-18  5.039E+05  9.376E-05  1.420E+05  4.965E+03
  682.0  1.954E+05  1.528E+02  9.956E-01 8.876E-18  5.016E+05  8.956E-05  1.418E+05  4.886E+03
  683.0  1.918E+05  1.479E+02  9.598E-01 8.765E-18  4.993E+05  8.556E-05  1.417E+05  4.809E+03
  684.0  1.884E+05  1.433E+02  9.253E-01 8.655E-18  4.971E+05  8.173E-05  1.415E+05  4.732E+03
  685.0  1.849E+05  1.388E+02  8.921E-01 8.547E-18  4.948E+05  7.808E-05  1.414E+05  4.657E+03
  686.0  1.816E+05  1.344E+02  8.600E-01 8.441E-18  4.925E+05  7.459E-05  1.412E+05  4.583E+03
  687.0  1.783E+05  1.302E+02  8.292E-01 8.336E-18  4.903E+05  7.126E-05  1.410E+05  4.510E+03
  688.0  1.751E+05  1.261E+02  7.994E-01 8.234E-18  4.881E+05  6.808E-05  1.409E+05  4.439E+03
  689.0  1.719E+05  1.221E+02  7.707E-01 8.133E-18  4.858E+05  6.504E-05  1.407E+05  4.368E+03
  690.0  1.688E+05  1.183E+02  7.431E-01 8.033E-18  4.836E+05  6.214E-05  1.405E+05  4.299E+03
  691.0  1.657E+05  1.145E+02  7.164E-01 7.936E-18  4.814E+05  5.936E-05  1.404E+05  4.231E+03
  692.0  1.627E+05  1.109E+02  6.908E-01 7.839E-18  4.792E+05  5.672E-05  1.402E+05  4.164E+03
  693.0  1.598E+05  1.075E+02  6.660E-01 7.745E-18  4.771E+05  5.419E-05  1.401E+05  4.098E+03
  694.0  1.569E+05  1.041E+02  6.422E-01 7.652E-18  4.749E+05  5.177E-05  1.399E+05  4.033E+03
  695.0  1.541E+05  1.008E+02  6.192E-01 7.560E-18  4.727E+05  4.946E-05  1.398E+05  3.969E+03
  696.0  1.513E+05  9.764E+01  5.970E-01 7.470E-18  4.706E+05  4.726E-05  1.396E+05  3.907E+03
  697.0  1.486E+05  9.458E+01  5.756E-01 7.381E-18  4.684E+05  4.516E-05  1.394E+05  3.845E+03
  698.0  1.459E+05  9.161E+01  5.550E-01 7.294E-18  4.663E+05  4.314E-05  1.393E+05  3.784E+03
  699.0  1.432E+05  8.874E+01  5.352E-01 7.208E-18  4.642E+05  4.122E-05  1.391E+05  3.724E+03
  700.0  1.407E+05  8.595E+01  5.160E-01 7.124E-18  4.621E+05  3.939E-05  1.390E+05  3.665E+03
  701.0  1.381E+05  8.326E+01  4.976E-01 7.041E-18  4.600E+05  3.764E-05  1.388E+05  3.607E+03
  702.0  1.356E+05  8.065E+01  4.798E-01 6.959E-18  4.579E+05  3.596E-05  1.386E+05  3.550E+03
  703.0  1.332E+05  7.812E+01  4.626E-01 6.879E-18  4.558E+05  3.436E-05  1.385E+05  3.494E+03
  704.0  1.308E+05  7.567E+01  4.461E-01 6.800E-18  4.537E+05  3.284E-05  1.383E+05  3.439E+03
  705.0  1.284E+05  7.330E+01  4.302E-01 6.722E-18  4.517E+05  3.138E-05  1.382E+05  3.385E+03
  706.0  1.261E+05  7.101E+01  4.148E-01 6.645E-18  4.496E+05  2.998E-05  1.380E+05  3.331E+03
  707.0  1.238E+05  6.878E+01  4.000E-01 6.570E-18  4.476E+05  2.865E-05  1.379E+05  3.279E+03
  708.0  1.216E+05  6.663E+01  3.857E-01 6.495E-18  4.456E+05  2.738E-05  1.377E+05  3.227E+03
  709.0  1.194E+05  6.455E+01  3.720E-01 6.422E-18  4.436E+05  2.616E-05  1.375E+05  3.176E+03
  710.0  1.173E+05  6.253E+01  3.587E-01 6.350E-18  4.415E+05  2.500E-05  1.374E+05  3.126E+03
  711.0  1.152E+05  6.057E+01  3.459E-01 6.280E-18  4.395E+05  2.389E-05  1.372E+05  3.077E+03
  712.0  1.131E+05  5.868E+01  3.336E-01 6.210E-18  4.376E+05  2.283E-05  1.371E+05  3.028E+03
  713.0  1.111E+05  5.685E+01  3.217E-01 6.141E-18  4.356E+05  2.182E-05  1.369E+05  2.981E+03
  714.0  1.091E+05  5.507E+01  3.102E-01 6.074E-18  4.336E+05  2.085E-05  1.368E+05  2.934E+03
  715.0  1.071E+05  5.335E+01  2.992E-01 6.007E-18  4.316E+05  1.993E-05  1.366E+05  2.888E+03
  716.0  1.052E+05  5.168E+01  2.885E-01 5.942E-18  4.297E+05  1.905E-05  1.365E+05  2.842E+03
  717.0  1.033E+05  5.007E+01  2.783E-01 5.877E-18  4.277E+05  1.820E-05  1.363E+05  2.797E+03
  718.0  1.014E+05  4.851E+01  2.684E-01 5.814E-18  4.258E+05  1.740E-05  1.361E+05  2.753E+03
  719.0  9.962E+04  4.699E+01  2.588E-01 5.751E-18  4.239E+05  1.663E-05  1.360E+05  2.710E+03
  720.0  9.783E+04  4.553E+01  2.496E-01 5.690E-18  4.220E+05  1.589E-05  1.358E+05  2.668E+03
  721.0  9.608E+04  4.411E+01  2.407E-01 5.629E-18  4.201E+05  1.519E-05  1.357E+05  2.626E+03
  722.0  9.435E+04  4.273E+01  2.322E-01 5.570E-18  4.182E+05  1.451E-05  1.355E+05  2.584E+03
  723.0  9.266E+04  4.140E+01  2.239E-01 5.511E-18  4.163E+05  1.387E-05  1.354E+05  2.544E+03
  724.0  9.100E+04  4.011E+01  2.160E-01 5.453E-18  4.144E+05  1.326E-05  1.352E+05  2.504E+03
  725.0  8.937E+04  3.886E+01  2.083E-01 5.396E-18  4.125E+05  1.267E-05  1.351E+05  2.465E+03
  726.0  8.777E+04  3.765E+01  2.009E-01 5.340E-18  4.107E+05  1.211E-05  1.349E+05  2.426E+03
  727.0  8.620E+04  3.648E+01  1.938E-01 5.285E-18  4.088E+05  1.158E-05  1.348E+05  2.388E+03
  728.0  8.465E+04  3.534E+01  1.869E-01 5.231E-18  4.070E+05  1.107E-05  1.346E+05  2.350E+03
  729.0  8.314E+04  3.424E+01  1.803E-01 5.177E-18  4.052E+05  1.058E-05  1.345E+05  2.314E+03
  730.0  8.165E+04  3.318E+01  1.739E-01 5.124E-18  4.033E+05  1.011E-05  1.343E+05  2.277E+03
  731.0  8.019E+04  3.215E+01  1.677E-01 5.072E-18  4.015E+05  9.666E-06  1.342E+05  2.242E+03
  732.0  7.876E+04  3.115E+01  1.618E-01 5.021E-18  3.997E+05  9.239E-06  1.340E+05  2.206E+03
  733.0  7.735E+04  3.018E+01  1.560E-01 4.971E-18  3.979E+05  8.832E-06  1.339E+05  2.172E+03
  734.0  7.597E+04  2.924E+01  1.505E-01 4.921E-18  3.961E+05  8.442E-06  1.337E+05  2.138E+03
  735.0  7.461E+04  2.833E+01  1.452E-01 4.872E-18  3.943E+05  8.070E-06  1.336E+05  2.104E+03
  736.0  7.327E+04  2.745E+01  1.400E-01 4.824E-18  3.926E+05  7.715E-06  1.334E+05  2.071E+03
  737.0  7.197E+04  2.660E+01  1.351E-01 4.776E-18  3.908E+05  7.375E-06  1.333E+05  2.039E+03
  738.0  7.068E+04  2.578E+01  1.303E-01 4.729E-18  3.890E+05  7.050E-06  1.331E+05  2.007E+03
  739.0  6.942E+04  2.498E+01  1.257E-01 4.683E-18  3.873E+05  6.740E-06  1.330E+05  1.976E+03
  740.0  6.818E+04  2.420E+01  1.212E-01 4.638E-18  3.856E+05  6.443E-06  1.328E+05  1.945E+03
  741.0  6.696E+04  2.345E+01  1.169E-01 4.593E-18  3.838E+05  6.159E-06  1.327E+05  1.915E+03
  742.0  6.577E+04  2.272E+01  1.128E-01 4.549E-18  3.821E+05  5.888E-06  1.325E+05  1.885E+03
  743.0  6.460E+04  2.202E+01  1.088E-01 4.505E-18  3.804E+05  5.629E-06  1.324E+05  1.855E+03
  744.0  6.345E+04  2.134E+01  1.050E-01 4.462E-18  3.787E+05  5.382E-06  1.322E+05  1.826E+03
  745.0  6.232E+04  2.068E+01  1.013E-01 4.420E-18  3.770E+05  5.145E-06  1.321E+05  1.798E+03
  746.0  6.121E+04  2.004E+01  9.770E-02 4.379E-18  3.753E+05  4.919E-06  1.319E+05  1.770E+03
  747.0  6.012E+04  1.942E+01  9.425E-02 4.338E-18  3.736E+05  4.703E-06  1.318E+05  1.742E+03
  748.0  5.904E+04  1.882E+01  9.092E-02 4.297E-18  3.719E+05  4.497E-06  1.316E+05  1.715E+03
  749.0  5.799E+04  1.823E+01  8.771E-02 4.257E-18  3.703E+05  4.299E-06  1.315E+05  1.688E+03
  750.0  5.696E+04  1.767E+01  8.462E-02 4.218E-18  3.686E+05  4.110E-06  1.313E+05  1.662E+03
  751.0  5.595E+04  1.712E+01  8.164E-02 4.179E-18  3.670E+05  3.930E-06  1.312E+05  1.636E+03
  752.0  5.495E+04  1.659E+01  7.876E-02 4.141E-18  3.653E+05  3.758E-06  1.310E+05  1.610E+03
  753.0  5.398E+04  1.608E+01  7.598E-02 4.103E-18  3.637E+05  3.593E-06  1.309E+05  1.585E+03
  754.0  5.302E+04  1.558E+01  7.330E-02 4.066E-18  3.621E+05  3.435E-06  1.307E+05  1.561E+03
  755.0  5.207E+04  1.510E+01  7.072E-02 4.030E-18  3.604E+05  3.285E-06  1.306E+05  1.536E+03
  756.0  5.115E+04  1.464E+01  6.823E-02 3.993E-18  3.588E+05  3.141E-06  1.304E+05  1.512E+03
  757.0  5.024E+04  1.418E+01  6.583E-02 3.958E-18  3.572E+05  3.003E-06  1.303E+05  1.489E+03
  758.0  4.935E+04  1.375E+01  6.351E-02 3.923E-18  3.556E+05  2.872E-06  1.302E+05  1.466E+03
  759.0  4.847E+04  1.332E+01  6.128E-02 3.888E-18  3.540E+05  2.746E-06  1.300E+05  1.443E+03
  760.0  4.761E+04  1.291E+01  5.912E-02 3.854E-18  3.525E+05  2.626E-06  1.299E+05  1.421E+03
  761.0  4.677E+04  1.251E+01  5.704E-02 3.820E-18  3.509E+05  2.511E-06  1.297E+05  1.398E+03
  762.0  4.594E+04  1.213E+01  5.504E-02 3.787E-18  3.493E+05  2.401E-06  1.296E+05  1.377E+03
  763.0  4.512E+04  1.175E+01  5.310E-02 3.754E-18  3.478E+05  2.296E-06  1.294E+05  1.355E+03
  764.0  4.432E+04  1.139E+01  5.124E-02 3.722E-18  3.462E+05  2.196E-06  1.293E+05  1.334E+03
  765.0  4.354E+04  1.104E+01  4.944E-02 3.690E-18  3.447E+05  2.100E-06  1.291E+05  1.314E+03
  766.0  4.277E+04  1.070E+01  4.770E-02 3.659E-18  3.431E+05  2.008E-06  1.290E+05  1.293E+03
  767.0  4.201E+04  1.037E+01  4.603E-02 3.628E-18  3.416E+05  1.920E-06  1.288E+05  1.273E+03
  768.0  4.127E+04  1.005E+01  4.441E-02 3.597E-18  3.401E+05  1.836E-06  1.287E+05  1.253E+03
  769.0  4.054E+04  9.742E+00  4.285E-02 3.567E-18  3.386E+05  1.756E-06  1.286E+05  1.234E+03
  770.0  3.982E+04  9.443E+00  4.135E-02 3.537E-18  3.370E+05  1.679E-06  1.284E+05  1.215E+03
  771.0  3.911E+04  9.152E+00  3.990E-02 3.508E-18  3.355E+05  1.606E-06  1.283E+05  1.196E+03
  772.0  3.842E+04  8.871E+00  3.850E-02 3.479E-18  3.341E+05  1.536E-06  1.281E+05  1.177E+03
  773.0  3.774E+04  8.598E+00  3.715E-02 3.450E-18  3.326E+05  1.469E-06  1.280E+05  1.159E+03
  774.0  3.708E+04  8.334E+00  3.585E-02 3.422E-18  3.311E+05  1.405E-06  1.278E+05  1.141E+03
  775.0  3.642E+04  8.078E+00  3.459E-02 3.394E-18  3.296E+05  1.344E-06  1.277E+05  1.124E+03
  776.0  3.578E+04  7.830E+00  3.338E-02 3.367E-18  3.281E+05  1.285E-06  1.276E+05  1.106E+03
  777.0  3.515E+04  7.589E+00  3.221E-02 3.340E-18  3.267E+05  1.229E-06  1.274E+05  1.089E+03
  778.0  3.452E+04  7.357E+00  3.109E-02 3.313E-18  3.252E+05  1.176E-06  1.273E+05  1.072E+03
  779.0  3.392E+04  7.131E+00  3.000E-02 3.287E-18  3.238E+05  1.124E-06  1.271E+05  1.056E+03
  780.0  3.332E+04  6.912E+00  2.895E-02 3.261E-18  3.224E+05  1.075E-06  1.270E+05  1.039E+03
  781.0  3.273E+04  6.700E+00  2.794E-02 3.235E-18  3.209E+05  1.029E-06  1.269E+05  1.023E+03
  782.0  3.215E+04  6.495E+00  2.696E-02 3.209E-18  3.195E+05  9.839E-07  1.267E+05  1.008E+03
  783.0  3.158E+04  6.296E+00  2.602E-02 3.184E-18  3.181E+05  9.411E-07  1.266E+05  9.919E+02
  784.0  3.103E+04  6.103E+00  2.511E-02 3.160E-18  3.167E+05  9.002E-07  1.264E+05  9.766E+02
  785.0  3.048E+04  5.916E+00  2.423E-02 3.135E-18  3.153E+05  8.610E-07  1.263E+05  9.616E+02
  786.0  2.994E+04  5.735E+00  2.338E-02 3.111E-18  3.139E+05  8.236E-07  1.262E+05  9.467E+02
  787.0  2.942E+04  5.559E+00  2.257E-02 3.087E-18  3.125E+05  7.878E-07  1.260E+05  9.321E+02
  788.0  2.890E+04  5.389E+00  2.178E-02 3.064E-18  3.111E+05  7.536E-07  1.259E+05  9.177E+02
  789.0  2.839E+04  5.224E+00  2.102E-02 3.040E-18  3.097E+05  7.209E-07  1.257E+05  9.036E+02
  790.0  2.789E+04  5.064E+00  2.029E-02 3.018E-18  3.083E+05  6.896E-07  1.256E+05  8.897E+02
  791.0  2.740E+04  4.909E+00  1.958E-02 2.995E-18  3.070E+05  6.596E-07  1.255E+05  8.759E+02
  792.0  2.692E+04  4.759E+00  1.890E-02 2.973E-18  3.056E+05  6.310E-07  1.253E+05  8.624E+02
  793.0  2.644E+04  4.614E+00  1.824E-02 2.950E-18  3.043E+05  6.036E-07  1.252E+05  8.492E+02
  794.0  2.598E+04  4.473E+00  1.760E-02 2.929E-18  3.029E+05  5.775E-07  1.250E+05  8.361E+02
  795.0  2.552E+04  4.336E+00  1.699E-02 2.907E-18  3.016E+05  5.524E-07  1.249E+05  8.232E+02
  796.0  2.507E+04  4.204E+00  1.640E-02 2.886E-18  3.002E+05  5.285E-07  1.248E+05  8.105E+02
  797.0  2.463E+04  4.075E+00  1.583E-02 2.865E-18  2.989E+05  5.056E-07  1.246E+05  7.981E+02
  798.0  2.420E+04  3.951E+00  1.528E-02 2.844E-18  2.976E+05  4.837E-07  1.245E+05  7.858E+02
  799.0  2.378E+04  3.830E+00  1.474E-02 2.823E-18  2.963E+05  4.627E-07  1.243E+05  7.737E+02
  800.0  2.336E+04  3.713E+00  1.423E-02 2.803E-18  2.950E+05  4.427E-07  1.242E+05  7.618E+02
  801.0  2.295E+04  3.600E+00  1.374E-02 2.783E-18  2.937E+05  4.235E-07  1.241E+05  7.501E+02
  802.0  2.255E+04  3.490E+00  1.326E-02 2.763E-18  2.924E+05  4.052E-07  1.239E+05  7.386E+02
  803.0  2.215E+04  3.384E+00  1.280E-02 2.744E-18  2.911E+05  3.877E-07  1.238E+05  7.272E+02
  804.0  2.176E+04  3.281E+00  1.235E-02 2.724E-18  2.898E+05  3.709E-07  1.237E+05  7.161E+02
  805.0  2.138E+04  3.181E+00  1.192E-02 2.705E-18  2.885E+05  3.549E-07  1.235E+05  7.051E+02
  806.0  2.101E+04  3.084E+00  1.151E-02 2.686E-18  2.873E+05  3.395E-07  1.234E+05  6.943E+02
  807.0  2.064E+04  2.990E+00  1.111E-02 2.668E-18  2.860E+05  3.249E-07  1.233E+05  6.836E+02
  808.0  2.028E+04  2.899E+00  1.072E-02 2.649E-18  2.847E+05  3.108E-07  1.231E+05  6.731E+02
  809.0  1.992E+04  2.811E+00  1.035E-02 2.631E-18  2.835E+05  2.974E-07  1.230E+05  6.628E+02
  810.0  1.957E+04  2.725E+00  9.993E-03 2.613E-18  2.822E+05  2.846E-07  1.228E+05  6.526E+02
  811.0  1.923E+04  2.642E+00  9.646E-03 2.595E-18  2.810E+05  2.723E-07  1.227E+05  6.426E+02
  812.0  1.890E+04  2.562E+00  9.312E-03 2.578E-18  2.797E+05  2.605E-07  1.226E+05  6.328E+02
  813.0  1.857E+04  2.484E+00  8.989E-03 2.560E-18  2.785E+05  2.493E-07  1.224E+05  6.231E+02
  814.0  1.824E+04  2.409E+00  8.677E-03 2.543E-18  2.773E+05  2.385E-07  1.223E+05  6.136E+02
  815.0  1.792E+04  2.335E+00  8.377E-03 2.526E-18  2.761E+05  2.282E-07  1.222E+05  6.042E+02
  816.0  1.761E+04  2.265E+00  8.087E-03 2.509E-18  2.749E+05  2.184E-07  1.220E+05  5.949E+02
  817.0  1.730E+04  2.196E+00  7.807E-03 2.493E-18  2.736E+05  2.090E-07  1.219E+05  5.858E+02
  818.0  1.700E+04  2.129E+00  7.536E-03 2.476E-18  2.724E+05  2.000E-07  1.218E+05  5.769E+02
  819.0  1.670E+04  2.064E+00  7.275E-03 2.460E-18  2.712E+05  1.914E-07  1.216E+05  5.680E+02
  820.0  1.641E+04  2.002E+00  7.024E-03 2.444E-18  2.701E+05  1.831E-07  1.215E+05  5.594E+02
  821.0  1.612E+04  1.941E+00  6.781E-03 2.428E-18  2.689E+05  1.752E-07  1.214E+05  5.508E+02
  822.0  1.584E+04  1.882E+00  6.546E-03 2.412E-18  2.677E+05  1.677E-07  1.212E+05  5.424E+02
  823.0  1.557E+04  1.825E+00  6.320E-03 2.397E-18  2.665E+05  1.605E-07  1.211E+05  5.341E+02
  824.0  1.530E+04  1.770E+00  6.101E-03 2.381E-18  2.653E+05  1.536E-07  1.210E+05  5.259E+02
  825.0  1.503E+04  1.716E+00  5.891E-03 2.366E-18  2.642E+05  1.470E-07  1.208E+05  5.179E+02
  826.0  1.477E+04  1.664E+00  5.687E-03 2.351E-18  2.630E+05  1.407E-07  1.207E+05  5.100E+02
  827.0  1.451E+04  1.614E+00  5.491E-03 2.336E-18  2.619E+05  1.346E-07  1.206E+05  5.022E+02
  828.0  1.426E+04  1.565E+00  5.301E-03 2.321E-18  2.607E+05  1.288E-07  1.204E+05  4.946E+02
  829.0  1.401E+04  1.518E+00  5.118E-03 2.307E-18  2.596E+05  1.233E-07  1.203E+05  4.870E+02
  830.0  1.377E+04  1.472E+00  4.942E-03 2.292E-18  2.584E+05  1.180E-07  1.202E+05  4.796E+02
  831.0  1.353E+04  1.427E+00  4.771E-03 2.278E-18  2.573E+05  1.129E-07  1.200E+05  4.723E+02
  832.0  1.329E+04  1.384E+00  4.607E-03 2.264E-18  2.562E+05  1.081E-07  1.199E+05  4.651E+02
  833.0  1.306E+04  1.342E+00  4.448E-03 2.250E-18  2.551E+05  1.034E-07  1.198E+05  4.580E+02
  834.0  1.283E+04  1.302E+00  4.294E-03 2.236E-18  2.539E+05  9.901E-08  1.196E+05  4.510E+02
  835.0  1.261E+04  1.262E+00  4.146E-03 2.223E-18  2.528E+05  9.476E-08  1.195E+05  4.442E+02
  836.0  1.239E+04  1.224E+00  4.004E-03 2.209E-18  2.517E+05  9.070E-08  1.194E+05  4.374E+02
  837.0  1.217E+04  1.187E+00  3.866E-03 2.196E-18  2.506E+05  8.681E-08  1.193E+05  4.308E+02
  838.0  1.196E+04  1.151E+00  3.733E-03 2.182E-18  2.495E+05  8.309E-08  1.191E+05  4.242E+02
  839.0  1.176E+04  1.117E+00  3.604E-03 2.169E-18  2.484E+05  7.953E-08  1.190E+05  4.177E+02
  840.0  1.155E+04  1.083E+00  3.480E-03 2.156E-18  2.474E+05  7.613E-08  1.189E+05  4.114E+02
  841.0  1.135E+04  1.050E+00  3.360E-03 2.143E-18  2.463E+05  7.287E-08  1.187E+05  4.051E+02
  842.0  1.115E+04  1.019E+00  3.245E-03 2.131E-18  2.452E+05  6.975E-08  1.186E+05  3.990E+02
  843.0  1.096E+04  9.878E-01  3.133E-03 2.118E-18  2.441E+05  6.676E-08  1.185E+05  3.929E+02
  844.0  1.077E+04  9.580E-01  3.026E-03 2.106E-18  2.431E+05  6.391E-08  1.183E+05  3.870E+02
  845.0  1.058E+04  9.292E-01  2.922E-03 2.093E-18  2.420E+05  6.117E-08  1.182E+05  3.811E+02
  846.0  1.040E+04  9.012E-01  2.821E-03 2.081E-18  2.410E+05  5.856E-08  1.181E+05  3.753E+02
  847.0  1.022E+04  8.740E-01  2.724E-03 2.069E-18  2.399E+05  5.606E-08  1.180E+05  3.696E+02
  848.0  1.004E+04  8.477E-01  2.631E-03 2.057E-18  2.389E+05  5.366E-08  1.178E+05  3.640E+02
  849.0  9.870E+03  8.222E-01  2.540E-03 2.045E-18  2.378E+05  5.137E-08  1.177E+05  3.585E+02
  850.0  9.699E+03  7.975E-01  2.453E-03 2.033E-18  2.368E+05  4.917E-08  1.176E+05  3.530E+02
  851.0  9.531E+03  7.735E-01  2.369E-03 2.022E-18  2.357E+05  4.707E-08  1.174E+05  3.477E+02
  852.0  9.366E+03  7.502E-01  2.288E-03 2.010E-18  2.347E+05  4.506E-08  1.173E+05  3.424E+02
  853.0  9.204E+03  7.276E-01  2.209E-03 1.999E-18  2.337E+05  4.314E-08  1.172E+05  3.372E+02
  854.0  9.045E+03  7.058E-01  2.134E-03 1.987E-18  2.327E+05  4.130E-08  1.171E+05  3.321E+02
  855.0  8.889E+03  6.846E-01  2.061E-03 1.976E-18  2.317E+05  3.954E-08  1.169E+05  3.271E+02
  856.0  8.735E+03  6.640E-01  1.990E-03 1.965E-18  2.307E+05  3.785E-08  1.168E+05  3.221E+02
  857.0  8.584E+03  6.440E-01  1.922E-03 1.954E-18  2.297E+05  3.624E-08  1.167E+05  3.173E+02
  858.0  8.436E+03  6.247E-01  1.856E-03 1.943E-18  2.287E+05  3.469E-08  1.165E+05  3.125E+02
  859.0  8.290E+03  6.060E-01  1.792E-03 1.932E-18  2.277E+05  3.322E-08  1.164E+05  3.077E+02
  860.0  8.147E+03  5.878E-01  1.731E-03 1.922E-18  2.267E+05  3.180E-08  1.163E+05  3.031E+02
  861.0  8.007E+03  5.701E-01  1.672E-03 1.911E-18  2.257E+05  3.045E-08  1.162E+05  2.985E+02
  862.0  7.868E+03  5.530E-01  1.615E-03 1.901E-18  2.247E+05  2.915E-08  1.160E+05  2.940E+02
  863.0  7.733E+03  5.364E-01  1.559E-03 1.890E-18  2.237E+05  2.791E-08  1.159E+05  2.896E+02
  864.0  7.599E+03  5.204E-01  1.506E-03 1.880E-18  2.228E+05  2.672E-08  1.158E+05  2.852E+02
  865.0  7.468E+03  5.048E-01  1.455E-03 1.870E-18  2.218E+05  2.559E-08  1.157E+05  2.809E+02
  866.0  7.340E+03  4.896E-01  1.405E-03 1.860E-18  2.208E+05  2.450E-08  1.155E+05  2.766E+02
  867.0  7.213E+03  4.750E-01  1.357E-03 1.850E-18  2.199E+05  2.346E-08  1.154E+05  2.725E+02
  868.0  7.089E+03  4.608E-01  1.311E-03 1.840E-18  2.189E+05  2.246E-08  1.153E+05  2.684E+02
  869.0  6.967E+03  4.470E-01  1.266E-03 1.830E-18  2.180E+05  2.150E-08  1.152E+05  2.643E+02
  870.0  6.847E+03  4.336E-01  1.223E-03 1.820E-18  2.170E+05  2.059E-08  1.150E+05  2.603E+02
  871.0  6.729E+03  4.206E-01  1.181E-03 1.810E-18  2.161E+05  1.972E-08  1.149E+05  2.564E+02
  872.0  6.613E+03  4.080E-01  1.141E-03 1.801E-18  2.152E+05  1.888E-08  1.148E+05  2.525E+02
  873.0  6.500E+03  3.958E-01  1.102E-03 1.791E-18  2.142E+05  1.808E-08  1.147E+05  2.487E+02
  874.0  6.388E+03  3.840E-01  1.064E-03 1.782E-18  2.133E+05  1.731E-08  1.145E+05  2.450E+02
  875.0  6.278E+03  3.725E-01  1.028E-03 1.773E-18  2.124E+05  1.658E-08  1.144E+05  2.413E+02
  876.0  6.170E+03  3.614E-01  9.929E-04 1.763E-18  2.115E+05  1.587E-08  1.143E+05  2.377E+02
  877.0  6.064E+03  3.506E-01  9.591E-04 1.754E-18  2.106E+05  1.520E-08  1.142E+05  2.341E+02
  878.0  5.960E+03  3.401E-01  9.264E-04 1.745E-18  2.096E+05  1.456E-08  1.140E+05  2.306E+02
  879.0  5.858E+03  3.300E-01  8.948E-04 1.736E-18  2.087E+05  1.394E-08  1.139E+05  2.271E+02
  880.0  5.757E+03  3.201E-01  8.644E-04 1.727E-18  2.078E+05  1.335E-08  1.138E+05  2.237E+02
  881.0  5.658E+03  3.106E-01  8.350E-04 1.718E-18  2.069E+05  1.278E-08  1.137E+05  2.203E+02
  882.0  5.561E+03  3.013E-01  8.066E-04 1.709E-18  2.060E+05  1.224E-08  1.136E+05  2.170E+02
  883.0  5.466E+03  2.923E-01  7.791E-04 1.701E-18  2.052E+05  1.172E-08  1.134E+05  2.137E+02
  884.0  5.372E+03  2.836E-01  7.526E-04 1.692E-18  2.043E+05  1.123E-08  1.133E+05  2.105E+02
  885.0  5.280E+03  2.751E-01  7.271E-04 1.683E-18  2.034E+05  1.075E-08  1.132E+05  2.074E+02
  886.0  5.189E+03  2.669E-01  7.023E-04 1.675E-18  2.025E+05  1.030E-08  1.131E+05  2.043E+02
  887.0  5.101E+03  2.590E-01  6.785E-04 1.667E-18  2.016E+05  9.862E-09  1.129E+05  2.012E+02
  888.0  5.013E+03  2.513E-01  6.554E-04 1.658E-18  2.008E+05  9.445E-09  1.128E+05  1.982E+02
  889.0  4.927E+03  2.438E-01  6.332E-04 1.650E-18  1.999E+05  9.046E-09  1.127E+05  1.952E+02
  890.0  4.843E+03  2.365E-01  6.117E-04 1.642E-18  1.990E+05  8.664E-09  1.126E+05  1.923E+02
  891.0  4.760E+03  2.295E-01  5.909E-04 1.633E-18  1.982E+05  8.298E-09  1.125E+05  1.894E+02
  892.0  4.679E+03  2.227E-01  5.709E-04 1.625E-18  1.973E+05  7.947E-09  1.123E+05  1.866E+02
  893.0  4.599E+03  2.160E-01  5.515E-04 1.617E-18  1.965E+05  7.612E-09  1.122E+05  1.838E+02
  894.0  4.520E+03  2.096E-01  5.328E-04 1.609E-18  1.956E+05  7.291E-09  1.121E+05  1.810E+02
  895.0  4.443E+03  2.034E-01  5.147E-04 1.601E-18  1.948E+05  6.983E-09  1.120E+05  1.783E+02
  896.0  4.367E+03  1.973E-01  4.973E-04 1.594E-18  1.940E+05  6.688E-09  1.118E+05  1.756E+02
  897.0  4.292E+03  1.915E-01  4.805E-04 1.586E-18  1.931E+05  6.406E-09  1.117E+05  1.730E+02
  898.0  4.219E+03  1.858E-01  4.642E-04 1.578E-18  1.923E+05  6.136E-09  1.116E+05  1.704E+02
  899.0  4.147E+03  1.803E-01  4.485E-04 1.570E-18  1.915E+05  5.878E-09  1.115E+05  1.679E+02
  900.0  4.076E+03  1.749E-01  4.333E-04 1.563E-18  1.906E+05  5.630E-09  1.114E+05  1.653E+02
  901.0  4.006E+03  1.697E-01  4.186E-04 1.555E-18  1.898E+05  5.393E-09  1.112E+05  1.629E+02
  902.0  3.938E+03  1.647E-01  4.044E-04 1.548E-18  1.890E+05  5.166E-09  1.111E+05  1.604E+02
  903.0  3.871E+03  1.598E-01  3.908E-04 1.540E-18  1.882E+05  4.948E-09  1.110E+05  1.580E+02
  904.0  3.805E+03  1.551E-01  3.775E-04 1.533E-18  1.874E+05  4.740E-09  1.109E+05  1.557E+02
  905.0  3.740E+03  1.505E-01  3.648E-04 1.526E-18  1.866E+05  4.540E-09  1.108E+05  1.534E+02
  906.0  3.676E+03  1.460E-01  3.525E-04 1.518E-18  1.858E+05  4.349E-09  1.107E+05  1.511E+02
  907.0  3.614E+03  1.417E-01  3.405E-04 1.511E-18  1.850E+05  4.166E-09  1.105E+05  1.488E+02
  908.0  3.552E+03  1.375E-01  3.290E-04 1.504E-18  1.842E+05  3.991E-09  1.104E+05  1.466E+02
  909.0  3.492E+03  1.334E-01  3.179E-04 1.497E-18  1.834E+05  3.823E-09  1.103E+05  1.444E+02
  910.0  3.432E+03  1.295E-01  3.072E-04 1.490E-18  1.826E+05  3.663E-09  1.102E+05  1.423E+02
  911.0  3.374E+03  1.256E-01  2.968E-04 1.483E-18  1.818E+05  3.509E-09  1.101E+05  1.401E+02
  912.0  3.316E+03  1.219E-01  2.868E-04 1.476E-18  1.811E+05  3.362E-09  1.099E+05  1.380E+02
  913.0  3.260E+03  1.183E-01  2.771E-04 1.469E-18  1.803E+05  3.220E-09  1.098E+05  1.360E+02
  914.0  3.204E+03  1.148E-01  2.678E-04 1.462E-18  1.795E+05  3.085E-09  1.097E+05  1.340E+02
  915.0  3.150E+03  1.114E-01  2.588E-04 1.456E-18  1.787E+05  2.956E-09  1.096E+05  1.320E+02
  916.0  3.096E+03  1.081E-01  2.500E-04 1.449E-18  1.780E+05  2.832E-09  1.095E+05  1.300E+02
  917.0  3.044E+03  1.049E-01  2.416E-04 1.442E-18  1.772E+05  2.713E-09  1.094E+05  1.281E+02
  918.0  2.992E+03  1.018E-01  2.335E-04 1.435E-18  1.765E+05  2.599E-09  1.092E+05  1.262E+02
  919.0  2.941E+03  9.882E-02  2.256E-04 1.429E-18  1.757E+05  2.490E-09  1.091E+05  1.243E+02
  920.0  2.891E+03  9.590E-02  2.180E-04 1.422E-18  1.750E+05  2.386E-09  1.090E+05  1.224E+02
  921.0  2.842E+03  9.307E-02  2.107E-04 1.416E-18  1.742E+05  2.286E-09  1.089E+05  1.206E+02
  922.0  2.794E+03  9.033E-02  2.036E-04 1.409E-18  1.735E+05  2.190E-09  1.088E+05  1.188E+02
  923.0  2.747E+03  8.766E-02  1.967E-04 1.403E-18  1.727E+05  2.098E-09  1.087E+05  1.171E+02
  924.0  2.700E+03  8.508E-02  1.901E-04 1.397E-18  1.720E+05  2.010E-09  1.085E+05  1.153E+02
  925.0  2.654E+03  8.257E-02  1.837E-04 1.390E-18  1.713E+05  1.926E-09  1.084E+05  1.136E+02
  926.0  2.609E+03  8.013E-02  1.775E-04 1.384E-18  1.705E+05  1.846E-09  1.083E+05  1.119E+02
  927.0  2.565E+03  7.777E-02  1.716E-04 1.378E-18  1.698E+05  1.769E-09  1.082E+05  1.103E+02
  928.0  2.521E+03  7.548E-02  1.658E-04 1.372E-18  1.691E+05  1.695E-09  1.081E+05  1.086E+02
  929.0  2.479E+03  7.326E-02  1.602E-04 1.365E-18  1.684E+05  1.624E-09  1.080E+05  1.070E+02
  930.0  2.437E+03  7.110E-02  1.549E-04 1.359E-18  1.676E+05  1.556E-09  1.078E+05  1.054E+02
  931.0  2.396E+03  6.901E-02  1.497E-04 1.353E-18  1.669E+05  1.491E-09  1.077E+05  1.039E+02
  932.0  2.355E+03  6.698E-02  1.446E-04 1.347E-18  1.662E+05  1.429E-09  1.076E+05  1.023E+02
  933.0  2.315E+03  6.501E-02  1.398E-04 1.341E-18  1.655E+05  1.369E-09  1.075E+05  1.008E+02
  934.0  2.276E+03  6.309E-02  1.351E-04 1.335E-18  1.648E+05  1.312E-09  1.074E+05  9.930E+01
  935.0  2.237E+03  6.124E-02  1.306E-04 1.329E-18  1.641E+05  1.257E-09  1.073E+05  9.783E+01
  936.0  2.200E+03  5.944E-02  1.262E-04 1.324E-18  1.634E+05  1.204E-09  1.072E+05  9.638E+01
  937.0  2.162E+03  5.769E-02  1.220E-04 1.318E-18  1.627E+05  1.154E-09  1.070E+05  9.496E+01
  938.0  2.126E+03  5.600E-02  1.179E-04 1.312E-18  1.620E+05  1.106E-09  1.069E+05  9.355E+01
  939.0  2.090E+03  5.435E-02  1.139E-04 1.306E-18  1.613E+05  1.060E-09  1.068E+05  9.217E+01
  940.0  2.055E+03  5.275E-02  1.101E-04 1.300E-18  1.606E+05  1.016E-09  1.067E+05  9.080E+01
  941.0  2.020E+03  5.121E-02  1.064E-04 1.295E-18  1.600E+05  9.735E-10  1.066E+05  8.946E+01
  942.0  1.986E+03  4.970E-02  1.029E-04 1.289E-18  1.593E+05  9.329E-10  1.065E+05  8.814E+01
  943.0  1.952E+03  4.824E-02  9.941E-05 1.284E-18  1.586E+05  8.940E-10  1.064E+05  8.683E+01
  944.0  1.919E+03  4.683E-02  9.609E-05 1.278E-18  1.579E+05  8.568E-10  1.062E+05  8.555E+01
  945.0  1.887E+03  4.546E-02  9.287E-05 1.272E-18  1.573E+05  8.211E-10  1.061E+05  8.429E+01
  946.0  1.855E+03  4.412E-02  8.977E-05 1.267E-18  1.566E+05  7.870E-10  1.060E+05  8.304E+01
  947.0  1.824E+03  4.283E-02  8.677E-05 1.262E-18  1.559E+05  7.542E-10  1.059E+05  8.182E+01
  948.0  1.793E+03  4.157E-02  8.387E-05 1.256E-18  1.553E+05  7.228E-10  1.058E+05  8.061E+01
  949.0  1.763E+03  4.036E-02  8.107E-05 1.251E-18  1.546E+05  6.928E-10  1.057E+05  7.942E+01
  950.0  1.733E+03  3.917E-02  7.836E-05 1.245E-18  1.540E+05  6.640E-10  1.056E+05  7.825E+01
  951.0  1.704E+03  3.803E-02  7.574E-05 1.240E-18  1.533E+05  6.364E-10  1.055E+05  7.709E+01
  952.0  1.675E+03  3.691E-02  7.321E-05 1.235E-18  1.527E+05  6.099E-10  1.053E+05  7.596E+01
  953.0  1.647E+03  3.583E-02  7.077E-05 1.230E-18  1.520E+05  5.846E-10  1.052E+05  7.484E+01
  954.0  1.620E+03  3.479E-02  6.841E-05 1.224E-18  1.514E+05  5.603E-10  1.051E+05  7.373E+01
  955.0  1.592E+03  3.377E-02  6.613E-05 1.219E-18  1.507E+05  5.370E-10  1.050E+05  7.265E+01
  956.0  1.566E+03  3.278E-02  6.392E-05 1.214E-18  1.501E+05  5.148E-10  1.049E+05  7.158E+01
  957.0  1.539E+03  3.182E-02  6.179E-05 1.209E-18  1.494E+05  4.934E-10  1.048E+05  7.052E+01
  958.0  1.513E+03  3.089E-02  5.973E-05 1.204E-18  1.488E+05  4.729E-10  1.047E+05  6.949E+01
  959.0  1.488E+03  2.999E-02  5.774E-05 1.199E-18  1.482E+05  4.533E-10  1.046E+05  6.846E+01
  960.0  1.463E+03  2.911E-02  5.582E-05 1.194E-18  1.476E+05  4.345E-10  1.045E+05  6.746E+01
  961.0  1.438E+03  2.826E-02  5.396E-05 1.189E-18  1.469E+05  4.165E-10  1.043E+05  6.646E+01
  962.0  1.414E+03  2.744E-02  5.216E-05 1.184E-18  1.463E+05  3.992E-10  1.042E+05  6.549E+01
  963.0  1.391E+03  2.664E-02  5.043E-05 1.179E-18  1.457E+05  3.827E-10  1.041E+05  6.452E+01
  964.0  1.367E+03  2.586E-02  4.875E-05 1.174E-18  1.451E+05  3.668E-10  1.040E+05  6.358E+01
  965.0  1.344E+03  2.511E-02  4.713E-05 1.169E-18  1.445E+05  3.517E-10  1.039E+05  6.264E+01
  966.0  1.322E+03  2.437E-02  4.556E-05 1.164E-18  1.439E+05  3.371E-10  1.038E+05  6.172E+01
  967.0  1.300E+03  2.366E-02  4.404E-05 1.159E-18  1.433E+05  3.231E-10  1.037E+05  6.081E+01
  968.0  1.278E+03  2.297E-02  4.258E-05 1.154E-18  1.427E+05  3.098E-10  1.036E+05  5.992E+01
  969.0  1.256E+03  2.230E-02  4.116E-05 1.150E-18  1.421E+05  2.970E-10  1.035E+05  5.904E+01
  970.0  1.235E+03  2.165E-02  3.980E-05 1.145E-18  1.415E+05  2.847E-10  1.034E+05  5.818E+01
  971.0  1.215E+03  2.102E-02  3.847E-05 1.140E-18  1.409E+05  2.729E-10  1.033E+05  5.732E+01
  972.0  1.194E+03  2.041E-02  3.720E-05 1.136E-18  1.403E+05  2.616E-10  1.031E+05  5.648E+01
  973.0  1.174E+03  1.982E-02  3.596E-05 1.131E-18  1.397E+05  2.508E-10  1.030E+05  5.565E+01
  974.0  1.155E+03  1.924E-02  3.477E-05 1.126E-18  1.391E+05  2.405E-10  1.029E+05  5.484E+01
  975.0  1.135E+03  1.868E-02  3.362E-05 1.122E-18  1.385E+05  2.305E-10  1.028E+05  5.403E+01
  976.0  1.116E+03  1.814E-02  3.250E-05 1.117E-18  1.379E+05  2.210E-10  1.027E+05  5.324E+01
  977.0  1.098E+03  1.761E-02  3.142E-05 1.113E-18  1.373E+05  2.119E-10  1.026E+05  5.246E+01
  978.0  1.079E+03  1.710E-02  3.038E-05 1.108E-18  1.368E+05  2.031E-10  1.025E+05  5.170E+01
  979.0  1.061E+03  1.660E-02  2.937E-05 1.104E-18  1.362E+05  1.948E-10  1.024E+05  5.094E+01
  980.0  1.044E+03  1.612E-02  2.840E-05 1.099E-18  1.356E+05  1.867E-10  1.023E+05  5.019E+01
  981.0  1.026E+03  1.565E-02  2.746E-05 1.095E-18  1.350E+05  1.790E-10  1.022E+05  4.946E+01
  982.0  1.009E+03  1.520E-02  2.655E-05 1.090E-18  1.345E+05  1.716E-10  1.021E+05  4.874E+01
  983.0  9.921E+02  1.476E-02  2.567E-05 1.086E-18  1.339E+05  1.646E-10  1.020E+05  4.802E+01
  984.0  9.756E+02  1.433E-02  2.482E-05 1.082E-18  1.333E+05  1.578E-10  1.018E+05  4.732E+01
  985.0  9.593E+02  1.391E-02  2.400E-05 1.077E-18  1.328E+05  1.513E-10  1.017E+05  4.663E+01
  986.0  9.433E+02  1.351E-02  2.321E-05 1.073E-18  1.322E+05  1.451E-10  1.016E+05  4.595E+01
  987.0  9.276E+02  1.312E-02  2.244E-05 1.069E-18  1.317E+05  1.391E-10  1.015E+05  4.528E+01
  988.0  9.121E+02  1.274E-02  2.170E-05 1.064E-18  1.311E+05  1.334E-10  1.014E+05  4.462E+01
  989.0  8.969E+02  1.237E-02  2.098E-05 1.060E-18  1.306E+05  1.279E-10  1.013E+05  4.396E+01
  990.0  8.820E+02  1.201E-02  2.029E-05 1.056E-18  1.300E+05  1.226E-10  1.012E+05  4.332E+01
  991.0  8.673E+02  1.166E-02  1.962E-05 1.052E-18  1.295E+05  1.176E-10  1.011E+05  4.269E+01
  992.0  8.528E+02  1.132E-02  1.897E-05 1.047E-18  1.289E+05  1.127E-10  1.010E+05  4.207E+01
  993.0  8.386E+02  1.100E-02  1.834E-05 1.043E-18  1.284E+05  1.081E-10  1.009E+05  4.145E+01
  994.0  8.247E+02  1.068E-02  1.774E-05 1.039E-18  1.279E+05  1.037E-10  1.008E+05  4.085E+01
  995.0  8.110E+02  1.037E-02  1.715E-05 1.035E-18  1.273E+05  9.941E-11  1.007E+05  4.025E+01
  996.0  7.975E+02  1.007E-02  1.659E-05 1.031E-18  1.268E+05  9.533E-11  1.006E+05  3.967E+01
  997.0  7.842E+02  9.777E-03  1.604E-05 1.027E-18  1.263E+05  9.141E-11  1.005E+05  3.909E+01
  998.0  7.712E+02  9.494E-03  1.551E-05 1.023E-18  1.257E+05  8.766E-11  1.004E+05  3.852E+01
  999.0  7.584E+02  9.220E-03  1.500E-05 1.019E-18  1.252E+05  8.406E-11  1.003E+05  3.796E+01
